2020-06-29 09:53:55,501 :: INFO :: Call 23193,00000172FF10D141_4445,00:00:56,2020/06/29 07:53:11,2020/06/29 07:53:42,2020/06/29 07:54:39,TerminatedByDst,Ext.114,0232354095,114,10001,0232354095,,,,,1,0.95,default,Chain: Ext.114;0232354095;
2020-06-29 09:53:55,502 :: INFO :: handler init
2020-06-29 09:59:33,416 :: INFO :: Call 23194,00000172FF13E364_4449,00:03:43,2020/06/29 07:56:32,2020/06/29 07:56:33,2020/06/29 08:00:16,TerminatedBySrc,0466452265,Ext.611,10000,611,611,ReplacedDst,Ext.194,194,,,,,Chain: 0466452265;Ext.611;Ext.194;
2020-06-29 09:59:33,417 :: INFO :: handler init
2020-06-29 09:59:53,653 :: INFO :: Call 23195,00000172FF142FE0_4450,00:03:44,2020/06/29 07:56:52,2020/06/29 07:56:52,2020/06/29 08:00:37,TerminatedBySrc,0769495337,Ext.611,10000,611,611,ReplacedDst,Ext.601,601,,,,,Chain: 0769495337;Ext.611;Ext.601;
2020-06-29 09:59:53,653 :: INFO :: handler init
2020-06-29 10:02:43,165 :: INFO :: Call 23196,00000172FF198B2C_4452,00:00:40,2020/06/29 08:02:43,2020/06/29 08:02:45,2020/06/29 08:03:26,TerminatedByDst,Ext.601,0296311960,601,10001,0296311960,,,,,1,0.68,default,Chain: Ext.601;0296311960;
2020-06-29 10:02:43,165 :: INFO :: handler init
2020-06-29 10:05:57,229 :: INFO :: Call 23197,00000172FF1246C9_4446,00:11:36,2020/06/29 07:54:47,2020/06/29 07:55:04,2020/06/29 08:06:40,TerminatedBySrc,Ext.114,0232354095,114,10001,0232354095,,,,,1,11.60,default,Chain: Ext.114;0232354095;
2020-06-29 10:05:57,230 :: INFO :: handler init
2020-06-29 10:06:28,534 :: INFO :: Call 23198,00000172FF1B0CCD_4453,00:02:38,2020/06/29 08:04:22,2020/06/29 08:04:33,2020/06/29 08:07:11,TerminatedByDst,Ext.601,0555810004,601,10001,0555810004,,,,,1,2.63,default,Chain: Ext.601;0555810004;
2020-06-29 10:06:28,535 :: INFO :: handler init
2020-06-29 10:06:41,360 :: INFO :: Call 23199,00000172FF17AA62_4451,00:06:35,2020/06/29 08:00:40,2020/06/29 08:00:48,2020/06/29 08:07:24,TerminatedBySrc,Ext.185,Ext.195,185,195,195,,,,,,,,Chain: Ext.185;Ext.195;
2020-06-29 10:06:41,361 :: INFO :: handler init
2020-06-29 10:07:01,156 :: INFO :: Call 23200,00000172FEF9D126_4414,00:39:39,2020/06/29 07:28:04,2020/06/29 07:28:04,2020/06/29 08:07:44,TerminatedBySrc,0474022045,Ext.611,10000,611,611,ReplacedDst,Ext.112,112,,,,,Chain: 0474022045;Ext.611;Ext.182;Ext.112;
2020-06-29 10:07:01,157 :: INFO :: handler init
2020-06-29 10:09:23,023 :: INFO :: Call 23201,00000172FF204C85_4460,00:00:00,2020/06/29 08:10:06,2020/06/29 08:10:06,2020/06/29 08:10:06,TerminatedBySrc,Ext.125,PickupExt.125,125,125,114,,,,,,,,Chain: Ext.125;PickupExt.125;
2020-06-29 10:09:23,023 :: INFO :: handler init
2020-06-29 10:09:26,052 :: INFO :: Call 23202,00000172FF1FFE96_4459,00:00:02,2020/06/29 08:09:46,2020/06/29 08:10:06,2020/06/29 08:10:09,TerminatedBySrc,Ext.114,Ext.999,114,125,125,,,,,,,,Chain: Ext.114;Ext.125;
2020-06-29 10:09:26,052 :: INFO :: handler init
2020-06-29 10:09:29,113 :: INFO :: Call 23203,00000172FF20547E_4461,00:00:03,2020/06/29 08:10:08,2020/06/29 08:10:08,2020/06/29 08:10:12,TerminatedBySrc,Ext.601,EndCall,601,EndCall,3400,,EndCall,EndCall,,,,,Chain: Ext.601;;EndCall;
2020-06-29 10:09:29,114 :: INFO :: handler init
2020-06-29 10:09:47,659 :: INFO :: Call 23204,00000172FF1EDB6E_4456,00:01:58,2020/06/29 08:08:31,2020/06/29 08:08:32,2020/06/29 08:10:30,TerminatedBySrc,0630879479,Ext.611,10000,611,611,ReplacedDst,Ext.182,182,,,,,Chain: 0630879479;Ext.611;Ext.182;
2020-06-29 10:09:47,659 :: INFO :: handler init
2020-06-29 10:12:09,034 :: INFO :: Call 23205,00000172FF1C0368_4454,00:07:16,2020/06/29 08:05:25,2020/06/29 08:05:35,2020/06/29 08:12:52,TerminatedByDst,Ext.318,Ext.102,318,102,102,,,,,,,,Chain: Ext.318;Ext.102;
2020-06-29 10:12:09,034 :: INFO :: handler init
2020-06-29 10:14:51,414 :: INFO :: Call 23206,00000172FF208BDF_4462,00:05:08,2020/06/29 08:10:22,2020/06/29 08:10:26,2020/06/29 08:15:34,TerminatedBySrc,Ext.125,Ext.114,125,114,114,,,,,,,,Chain: Ext.125;Ext.114;
2020-06-29 10:14:51,415 :: INFO :: handler init
2020-06-29 10:16:16,757 :: INFO :: Call 23207,00000172FF1F7263_4458,00:07:35,2020/06/29 08:09:10,2020/06/29 08:09:25,2020/06/29 08:17:00,TerminatedBySrc,Ext.112,0679948595,112,10001,0679948595,,,,,1,7.58,default,Chain: Ext.112;0679948595;
2020-06-29 10:16:16,757 :: INFO :: handler init
2020-06-29 10:18:02,185 :: INFO :: Call 23208,00000172FF12E3A0_4447,00:23:17,2020/06/29 07:55:27,2020/06/29 07:55:27,2020/06/29 08:18:45,TerminatedByDst,0660763303,Ext.610,10000,610,610,ReplacedDst,Ext.185,185,,,,,Chain: 0660763303;Ext.610;Ext.185;
2020-06-29 10:18:02,185 :: INFO :: handler init
2020-06-29 10:18:19,835 :: INFO :: Call 23209,00000172FF27FD5C_4466,00:00:16,2020/06/29 08:18:30,2020/06/29 08:18:46,2020/06/29 08:19:03,TerminatedBySrc,Ext.111,0613029458,111,10001,0613029458,,,,,1,0.28,default,Chain: Ext.111;0613029458;
2020-06-29 10:18:19,835 :: INFO :: handler init
2020-06-29 10:22:07,750 :: INFO :: Call 23210,00000172FF276FE3_4465,00:04:26,2020/06/29 08:17:54,2020/06/29 08:18:24,2020/06/29 08:22:51,TerminatedByDst,Ext.114,0232354095,114,10001,0232354095,,,,,1,4.45,default,Chain: Ext.114;0232354095;
2020-06-29 10:22:07,751 :: INFO :: handler init
2020-06-29 10:22:14,560 :: INFO :: Call 23211,00000172FF2BE4D7_4468,00:00:08,2020/06/29 08:22:46,2020/06/29 08:22:49,2020/06/29 08:22:58,TerminatedByDst,Ext.125,Ext.112,125,112,112,,,,,,,,Chain: Ext.125;Ext.112;
2020-06-29 10:22:14,561 :: INFO :: handler init
2020-06-29 10:22:23,428 :: INFO :: Call 23212,00000172FF2C24D0_4469,00:00:03,2020/06/29 08:23:02,2020/06/29 08:23:02,2020/06/29 08:23:06,TerminatedBySrc,Ext.112,Ext.999,112,139,139,,,,,,,,Chain: Ext.112;Ext.139;
2020-06-29 10:22:23,428 :: INFO :: handler init
2020-06-29 10:23:27,625 :: INFO :: Call 23213,00000172FF2425AC_4463,00:09:52,2020/06/29 08:14:18,2020/06/29 08:14:18,2020/06/29 08:24:11,TerminatedByDst,0241272395,Ext.610,10000,610,610,ReplacedDst,Ext.185,185,,,,,Chain: 0241272395;Ext.610;Ext.185;
2020-06-29 10:23:27,626 :: INFO :: handler init
2020-06-29 10:26:25,156 :: INFO :: Call 23214,00000172FF253852_4464,00:11:39,2020/06/29 08:15:28,2020/06/29 08:15:29,2020/06/29 08:27:08,TerminatedBySrc,0640144791,Ext.611,10000,611,611,ReplacedDst,Ext.194,194,,,,,Chain: 0640144791;Ext.611;Ext.194;
2020-06-29 10:26:25,157 :: INFO :: handler init
2020-06-29 10:27:38,260 :: INFO :: Call 23215,00000172FF30CCBB_4476,00:00:13,2020/06/29 08:28:07,2020/06/29 08:28:08,2020/06/29 08:28:21,TerminatedBySrc,Ext.115,0251401414,115,10001,0251401414,,,,,1,0.22,default,Chain: Ext.115;0251401414;
2020-06-29 10:27:38,260 :: INFO :: handler init
2020-06-29 10:28:42,243 :: INFO :: Call 23216,00000172FF300BD0_4474,00:02:07,2020/06/29 08:27:18,2020/06/29 08:27:18,2020/06/29 08:29:25,TerminatedByDst,0640144791,Ext.611,10000,611,611,ReplacedDst,Ext.182,182,,,,,Chain: 0640144791;Ext.611;Ext.182;
2020-06-29 10:28:42,244 :: INFO :: handler init
2020-06-29 10:29:19,074 :: INFO :: Server loop 3cxtcpserver running in process: 12038
2020-06-29 10:30:02,108 :: INFO :: Call 23218,00000172FF2F7714_4472,00:03:56,2020/06/29 08:26:40,2020/06/29 08:26:48,2020/06/29 08:30:45,TerminatedBySrc,Ext.194,Ext.126,194,126,126,,,,,,,,Chain: Ext.194;Ext.126;
2020-06-29 10:30:02,109 :: INFO :: handler init
2020-06-29 10:30:07,140 :: INFO :: Call 23219,00000172FF3328E8_4479,,2020/06/29 08:30:42,,2020/06/29 08:30:50,Failed_Cancelled,Ext.195,Ext.196,195,196,196,,,,,,,,
2020-06-29 10:30:07,141 :: INFO :: handler init
2020-06-29 10:30:09,618 :: INFO :: Call 23220,00000172FF2C45BF_4470,00:07:39,2020/06/29 08:23:11,2020/06/29 08:23:13,2020/06/29 08:30:53,TerminatedBySrc,Ext.112,Ext.125,112,125,125,,,,,,,,Chain: Ext.112;Ext.125;
2020-06-29 10:30:09,618 :: INFO :: handler init
2020-06-29 10:30:11,978 :: INFO :: Call 23221,00000172FF305AA9_4475,00:03:13,2020/06/29 08:27:38,2020/06/29 08:27:42,2020/06/29 08:30:55,TerminatedBySrc,Ext.143,Ext.114,143,114,114,,,,,,,,Chain: Ext.143;Ext.114;
2020-06-29 10:30:11,978 :: INFO :: handler init
2020-06-29 10:31:10,898 :: INFO :: Call 23222,00000172FF343C96_4482,00:00:01,2020/06/29 08:31:52,2020/06/29 08:31:53,2020/06/29 08:31:54,TerminatedBySrc,0826101316,Ext.615,10000,615,615,,,,,,,,Chain: 0826101316;Ext.615;
2020-06-29 10:31:10,898 :: INFO :: handler init
2020-06-29 10:31:15,614 :: INFO :: Call 23223,00000172FF3382E9_4481,00:00:53,2020/06/29 08:31:05,2020/06/29 08:31:05,2020/06/29 08:31:59,TerminatedByDst,0614503625,Ext.611,10000,611,611,ReplacedDst,Ext.194,194,,,,,Chain: 0614503625;Ext.611;Ext.194;
2020-06-29 10:31:15,614 :: INFO :: handler init
2020-06-29 10:32:04,994 :: INFO :: Call 23224,00000172FF350EC3_4485,,2020/06/29 08:32:46,,2020/06/29 08:32:48,Failed,Ext.126,0681464274,126,0681464274,0681464274,,,,,,,,
2020-06-29 10:32:04,994 :: INFO :: handler init
2020-06-29 10:32:53,853 :: INFO :: Call 23225,00000172FF3344C0_4480,00:02:43,2020/06/29 08:30:49,2020/06/29 08:30:53,2020/06/29 08:33:37,TerminatedByDst,Ext.129,0247324208,129,10001,0247324208,,,,,1,2.73,default,Chain: Ext.129;0247324208;
2020-06-29 10:32:53,853 :: INFO :: handler init
2020-06-29 10:33:56,178 :: INFO :: Call 23226,00000172FF3523E1_4486,00:01:40,2020/06/29 08:32:52,2020/06/29 08:32:58,2020/06/29 08:34:39,TerminatedByDst,Ext.126,0681464274,126,10001,0681464274,,,,,1,1.68,default,Chain: Ext.126;0681464274;
2020-06-29 10:33:56,179 :: INFO :: handler init
2020-06-29 10:35:50,728 :: INFO :: Server loop 3cxtcpserver running in process: 12122
2020-06-29 10:36:20,667 :: INFO :: Call 23229,00000172FF387B31_4493,00:00:29,2020/06/29 08:36:31,2020/06/29 08:36:34,2020/06/29 08:37:03,TerminatedBySrc,Ext.143,0384691213,143,10001,0384691213,,,,,1,0.48,default,Chain: Ext.143;0384691213;
2020-06-29 10:36:20,668 :: INFO :: handler init
2020-06-29 10:36:53,380 :: INFO :: Call 23230,00000172FF38A175_4494,00:00:55,2020/06/29 08:36:40,2020/06/29 08:36:41,2020/06/29 08:37:36,TerminatedBySrc,0299265644,Ext.610,10000,610,610,ReplacedDst,Ext.185,185,,,,,Chain: 0299265644;Ext.610;Ext.185;
2020-06-29 10:36:53,380 :: INFO :: handler init
2020-06-29 10:38:00,123 :: INFO :: Call 23231,00000172FF3A677B_4498,00:00:06,2020/06/29 08:38:37,2020/06/29 08:38:37,2020/06/29 08:38:43,TerminatedBySrc,0613029458,EndCall,10001,EndCall,009,,,,,,,,Chain: 0613029458;EndCall;
2020-06-29 10:38:00,123 :: INFO :: handler init
2020-06-29 10:38:54,115 :: INFO :: Call 23232,00000172FF325ED5_4478,00:09:45,2020/06/29 08:29:50,2020/06/29 08:29:51,2020/06/29 08:39:37,TerminatedByDst,Ext.115,0251401414,115,10001,0251401414,,,,,1,9.77,default,Chain: Ext.115;0251401414;
2020-06-29 10:38:54,116 :: INFO :: handler init
2020-06-29 10:39:05,883 :: INFO :: Call 23233,00000172FF35541D_4488,00:06:44,2020/06/29 08:33:04,2020/06/29 08:33:04,2020/06/29 08:39:49,TerminatedBySrc,0769495337,Ext.611,10000,611,611,ReplacedDst,Ext.194,194,,,,,Chain: 0769495337;Ext.611;Ext.194;
2020-06-29 10:39:05,883 :: INFO :: handler init
2020-06-29 10:39:23,519 :: INFO :: Call 23234,00000172FF3B6AB4_4502,00:00:03,2020/06/29 08:39:43,2020/06/29 08:40:03,2020/06/29 08:40:06,TerminatedBySrc,Ext.143,Ext.999,143,125,125,,,,,,,,Chain: Ext.143;Ext.125;
2020-06-29 10:39:23,519 :: INFO :: handler init
2020-06-29 10:39:43,697 :: INFO :: Call 23235,00000172FF361F76_4490,00:06:28,2020/06/29 08:33:56,2020/06/29 08:33:58,2020/06/29 08:40:27,TerminatedBySrc,Ext.182,Ext.114,182,114,114,,,,,,,,Chain: Ext.182;Ext.114;
2020-06-29 10:39:43,697 :: INFO :: handler init
2020-06-29 10:39:57,504 :: INFO :: Call 23236,00000172FF3C23F8_4503,00:00:07,2020/06/29 08:40:30,2020/06/29 08:40:33,2020/06/29 08:40:40,TerminatedBySrc,Ext.182,Ext.114,182,114,114,,,,,,,,Chain: Ext.182;Ext.114;
2020-06-29 10:39:57,504 :: INFO :: handler init
2020-06-29 10:41:27,072 :: INFO :: Server loop 3cxtcpserver running in process: 12177
2020-06-29 10:42:09,949 :: INFO :: Call 23237,00000172FF395D0B_4496,00:05:05,2020/06/29 08:37:28,2020/06/29 08:37:47,2020/06/29 08:42:53,TerminatedBySrc,Ext.112,0474022051,112,10001,0474022051,,,,,1,5.10,default,Chain: Ext.112;0474022051;
2020-06-29 10:42:10,015 :: INFO :: ok
2020-06-29 10:42:10,015 :: INFO :: handler init
2020-06-29 10:42:26,899 :: INFO :: Call 23238,00000172FF3E821A_4509,00:00:03,2020/06/29 08:43:06,2020/06/29 08:43:06,2020/06/29 08:43:10,TerminatedBySrc,Ext.194,Ext.999,194,184,184,,,,,,,,Chain: Ext.194;Ext.184;
2020-06-29 10:42:26,904 :: INFO :: ok
2020-06-29 10:42:26,904 :: INFO :: handler init
2020-06-29 10:42:33,863 :: INFO :: Call 23239,00000172FF3E9F54_4510,00:00:03,2020/06/29 08:43:13,2020/06/29 08:43:13,2020/06/29 08:43:17,TerminatedBySrc,Ext.194,Ext.999,194,182,182,,,,,,,,Chain: Ext.194;Ext.182;
2020-06-29 10:42:33,871 :: INFO :: ok
2020-06-29 10:42:33,871 :: INFO :: handler init
2020-06-29 10:42:39,864 :: INFO :: Call 23240,00000172FF3EB8EC_4511,00:00:02,2020/06/29 08:43:20,2020/06/29 08:43:20,2020/06/29 08:43:23,TerminatedBySrc,Ext.194,Ext.999,194,601,601,,,,,,,,Chain: Ext.194;Ext.601;
2020-06-29 10:42:39,870 :: INFO :: ok
2020-06-29 10:42:39,870 :: INFO :: handler init
2020-06-29 10:43:25,779 :: INFO :: Call 23241,00000172FF3D8D0B_4506,00:02:05,2020/06/29 08:42:03,2020/06/29 08:42:03,2020/06/29 08:44:09,TerminatedBySrc,0479599685,Ext.611,10000,611,611,ReplacedDst,Ext.182,182,,,,,Chain: 0479599685;Ext.611;Ext.182;
2020-06-29 10:43:25,784 :: INFO :: ok
2020-06-29 10:43:25,785 :: INFO :: handler init
2020-06-29 10:43:51,412 :: INFO :: Call 23242,00000172FF3F4B5C_4512,00:00:27,2020/06/29 08:43:57,2020/06/29 08:44:07,2020/06/29 08:44:34,TerminatedBySrc,Ext.194,Ext.126,194,126,126,,,,,,,,Chain: Ext.194;Ext.126;
2020-06-29 10:43:51,417 :: INFO :: ok
2020-06-29 10:43:51,418 :: INFO :: handler init
2020-06-29 10:44:03,750 :: INFO :: Call 23243,00000172FF3C6307_4504,00:03:59,2020/06/29 08:40:47,2020/06/29 08:40:47,2020/06/29 08:44:47,TerminatedByDst,0214471553,Ext.612,10000,612,612,ReplacedDst,Ext.143,143,,,,,Chain: 0214471553;Ext.612;Ext.143;
2020-06-29 10:44:03,755 :: INFO :: ok
2020-06-29 10:44:03,755 :: INFO :: handler init
2020-06-29 10:44:16,486 :: INFO :: Call 23244,00000172FF402CC4_4515,,2020/06/29 08:44:55,,2020/06/29 08:44:59,Failed_Cancelled,Ext.194,Ext.126,194,126,126,,,,,,,,
2020-06-29 10:44:16,492 :: INFO :: ok
2020-06-29 10:44:16,493 :: INFO :: handler init
2020-06-29 10:45:00,865 :: INFO :: Call 23245,00000172FF40B413_4517,00:00:04,2020/06/29 08:45:30,2020/06/29 08:45:39,2020/06/29 08:45:44,TerminatedBySrc,Ext.194,0769495337,194,10001,0769495337,,,,,1,0.08,default,Chain: Ext.194;0769495337;
2020-06-29 10:45:00,871 :: INFO :: ok
2020-06-29 10:45:00,871 :: INFO :: handler init
2020-06-29 10:45:16,889 :: INFO :: Call 23246,00000172FF4111F1_4520,00:00:05,2020/06/29 08:45:54,2020/06/29 08:45:54,2020/06/29 08:46:00,TerminatedBySrc,0769495337,EndCall,10001,EndCall,009,,,,,,,,Chain: 0769495337;EndCall;
2020-06-29 10:45:16,894 :: INFO :: ok
2020-06-29 10:45:16,894 :: INFO :: handler init
2020-06-29 10:45:18,495 :: INFO :: Call 23247,00000172FF40D800_4519,00:00:02,2020/06/29 08:45:39,2020/06/29 08:45:59,2020/06/29 08:46:01,TerminatedBySrc,Ext.143,Ext.999,143,125,125,,,,,,,,Chain: Ext.143;Ext.125;
2020-06-29 10:45:18,499 :: INFO :: ok
2020-06-29 10:45:18,500 :: INFO :: handler init
2020-06-29 10:46:03,589 :: INFO :: Call 23248,00000172FF3A947F_4499,00:07:58,2020/06/29 08:38:48,2020/06/29 08:38:48,2020/06/29 08:46:47,TerminatedBySrc,0384691213,Ext.611,10000,611,611,ReplacedDst,Ext.126,126,,,,,Chain: 0384691213;Ext.611;Ext.194;Ext.126;
2020-06-29 10:46:03,595 :: INFO :: ok
2020-06-29 10:46:03,596 :: INFO :: handler init
2020-06-29 10:48:40,715 :: INFO :: Call 23249,00000172FF398BF1_4497,00:11:38,2020/06/29 08:37:40,2020/06/29 08:37:45,2020/06/29 08:49:24,TerminatedByDst,Ext.185,0299265644,185,10001,0299265644,ReplacedSrc,Ext.140,140,,1,11.65,default,Chain: Ext.185;0299265644;Ext.140;
2020-06-29 10:48:40,721 :: INFO :: ok
2020-06-29 10:48:40,721 :: INFO :: handler init
2020-06-29 10:49:08,370 :: INFO :: Call 23250,00000172FF3F9500_4513,00:05:35,2020/06/29 08:44:16,2020/06/29 08:44:16,2020/06/29 08:49:51,TerminatedByDst,0671876093,Ext.610,10000,610,610,ReplacedDst,Ext.124,124,,,,,Chain: 0671876093;Ext.610;Ext.124;
2020-06-29 10:49:08,376 :: INFO :: ok
2020-06-29 10:49:08,376 :: INFO :: handler init
2020-06-29 10:49:43,318 :: INFO :: Call 23251,00000172FF352BAF_4487,00:17:32,2020/06/29 08:32:54,2020/06/29 08:32:54,2020/06/29 08:50:26,TerminatedBySrc,0826101316,Ext.611,10000,611,611,ReplacedDst,Ext.114,114,,,,,Chain: 0826101316;Ext.611;Ext.182;Ext.114;
2020-06-29 10:49:43,324 :: INFO :: ok
2020-06-29 10:49:43,324 :: INFO :: handler init
2020-06-29 10:49:43,508 :: INFO :: Call 23252,00000172FF44CD27_4522,00:00:25,2020/06/29 08:49:58,2020/06/29 08:50:01,2020/06/29 08:50:27,TerminatedBySrc,Ext.143,0384691213,143,10001,0384691213,,,,,1,0.43,default,Chain: Ext.143;0384691213;
2020-06-29 10:49:43,513 :: INFO :: ok
2020-06-29 10:49:43,513 :: INFO :: handler init
2020-06-29 10:50:26,739 :: INFO :: Call 23253,00000172FF456FBE_4523,00:00:08,2020/06/29 08:50:40,2020/06/29 08:51:01,2020/06/29 08:51:09,TerminatedBySrc,Ext.143,0384691215,143,10001,0384691215,,,,,1,0.13,default,Chain: Ext.143;0384691215;
2020-06-29 10:50:26,745 :: INFO :: ok
2020-06-29 10:50:26,746 :: INFO :: handler init
2020-06-29 10:50:31,898 :: INFO :: Call 23254,00000172FF45F5C6_4524,,2020/06/29 08:51:14,,2020/06/29 08:51:14,Failed_Cancelled,Ext.114,Ext.129,114,129,129,,,,,,,,
2020-06-29 10:50:31,905 :: INFO :: ok
2020-06-29 10:50:31,905 :: INFO :: handler init
2020-06-29 10:52:12,148 :: INFO :: Call 23255,00000172FF462508_4525,00:01:26,2020/06/29 08:51:26,2020/06/29 08:51:29,2020/06/29 08:52:55,TerminatedBySrc,Ext.143,0384691213,143,10001,0384691213,,,,,1,1.43,default,Chain: Ext.143;0384691213;
2020-06-29 10:52:12,192 :: INFO :: ok
2020-06-29 10:52:12,193 :: INFO :: handler init
2020-06-29 10:53:04,541 :: INFO :: Call 23256,00000172FF4664F9_4526,00:01:53,2020/06/29 08:51:42,2020/06/29 08:51:54,2020/06/29 08:53:48,TerminatedBySrc,Ext.114,0243558038,114,10001,0243558038,,,,,1,1.90,default,Chain: Ext.114;0243558038;
2020-06-29 10:53:04,547 :: INFO :: ok
2020-06-29 10:53:04,548 :: INFO :: handler init
2020-06-29 10:53:39,987 :: INFO :: Call 23257,00000172FF48D1F7_4532,00:00:01,2020/06/29 08:54:21,2020/06/29 08:54:22,2020/06/29 08:54:23,TerminatedBySrc,Ext.182,Ext.999,182,194,194,,,,,,,,Chain: Ext.182;Ext.194;
2020-06-29 10:53:39,992 :: INFO :: ok
2020-06-29 10:53:39,992 :: INFO :: handler init
2020-06-29 10:54:40,073 :: INFO :: Call 23258,00000172FF4406C4_4521,00:06:10,2020/06/29 08:49:07,2020/06/29 08:49:12,2020/06/29 08:55:23,TerminatedByDst,Ext.126,Ext.112,126,112,112,,,,,,,,Chain: Ext.126;Ext.112;
2020-06-29 10:54:40,078 :: INFO :: ok
2020-06-29 10:54:40,079 :: INFO :: handler init
2020-06-29 10:55:04,225 :: INFO :: Call 23259,00000172FF48E3E0_4533,00:01:14,2020/06/29 08:54:26,2020/06/29 08:54:33,2020/06/29 08:55:47,TerminatedBySrc,Ext.182,Ext.195,182,195,195,,,,,,,,Chain: Ext.182;Ext.195;
2020-06-29 10:55:04,230 :: INFO :: ok
2020-06-29 10:55:04,231 :: INFO :: handler init
2020-06-29 10:56:00,767 :: INFO :: Call 23260,00000172FF408571_4516,00:11:25,2020/06/29 08:45:18,2020/06/29 08:45:18,2020/06/29 08:56:44,TerminatedBySrc,0344813210,Ext.611,10000,611,611,ReplacedDst,Ext.194,194,,,,,Chain: 0344813210;Ext.611;Ext.194;
2020-06-29 10:56:00,773 :: INFO :: ok
2020-06-29 10:56:00,773 :: INFO :: handler init
2020-06-29 10:56:44,410 :: INFO :: Call 23261,00000172FF487D28_4531,00:03:09,2020/06/29 08:54:00,2020/06/29 08:54:17,2020/06/29 08:57:27,TerminatedByDst,Ext.114,0631362436,114,10001,0631362436,,,,,1,3.17,default,Chain: Ext.114;0631362436;
2020-06-29 10:56:44,415 :: INFO :: ok
2020-06-29 10:56:44,416 :: INFO :: handler init
2020-06-29 10:57:17,455 :: INFO :: Call 23262,00000172FF46A82B_4528,00:06:00,2020/06/29 08:52:00,2020/06/29 08:52:00,2020/06/29 08:58:01,TerminatedByDst,0479729483,Ext.610,10000,610,610,ReplacedDst,Ext.185,185,,,,,Chain: 0479729483;Ext.610;Ext.185;
2020-06-29 10:57:17,460 :: INFO :: ok
2020-06-29 10:57:17,460 :: INFO :: handler init
2020-06-29 10:57:56,926 :: INFO :: Call 23263,00000172FF4B5AEC_4540,00:00:00,2020/06/29 08:57:08,2020/06/29 08:57:08,2020/06/29 08:57:08,TerminatedBySrc,0562068211,Ext.611,10000,611,611,,,,,,,,Chain: 0562068211;Ext.611;
2020-06-29 10:57:56,932 :: INFO :: ok
2020-06-29 10:57:56,932 :: INFO :: handler init
2020-06-29 10:58:36,998 :: INFO :: Call 23264,00000172FF4B0B2B_4538,00:02:19,2020/06/29 08:56:47,2020/06/29 08:57:00,2020/06/29 08:59:20,TerminatedByDst,Ext.194,Ext.122,194,122,122,,,,,,,,Chain: Ext.194;Ext.122;
2020-06-29 10:58:37,003 :: INFO :: ok
2020-06-29 10:58:37,003 :: INFO :: handler init
2020-06-29 10:59:27,570 :: INFO :: Call 23265,00000172FF3E0A02_4508,00:17:35,2020/06/29 08:42:35,2020/06/29 08:42:35,2020/06/29 09:00:10,TerminatedBySrc,0232463030,Ext.611,10000,611,611,ReplacedDst,Ext.182,182,,,,,Chain: 0232463030;Ext.611;Ext.182;
2020-06-29 10:59:27,577 :: INFO :: ok
2020-06-29 10:59:27,577 :: INFO :: handler init
2020-06-29 11:00:15,499 :: INFO :: Call 23266,00000172FF4A1591_4535,00:04:57,2020/06/29 08:55:44,2020/06/29 08:56:01,2020/06/29 09:00:59,TerminatedByDst,Ext.126,0384729890,126,10001,0384729890,,,,,1,4.97,default,Chain: Ext.126;0384729890;
2020-06-29 11:00:15,505 :: INFO :: ok
2020-06-29 11:00:15,505 :: INFO :: handler init
2020-06-29 11:02:14,266 :: INFO :: Call 23267,00000172FF5097A1_4545,00:00:06,2020/06/29 09:02:51,2020/06/29 09:02:51,2020/06/29 09:02:57,TerminatedBySrc,0251984759,EndCall,10001,EndCall,009,,,,,,,,Chain: 0251984759;EndCall;
2020-06-29 11:02:14,272 :: INFO :: ok
2020-06-29 11:02:14,273 :: INFO :: handler init
2020-06-29 11:02:17,028 :: INFO :: Call 23268,00000172FF4F77F2_4544,00:01:17,2020/06/29 09:01:37,2020/06/29 09:01:43,2020/06/29 09:03:00,TerminatedBySrc,Ext.185,Ext.195,185,195,195,,,,,,,,Chain: Ext.185;Ext.195;
2020-06-29 11:02:17,034 :: INFO :: ok
2020-06-29 11:02:17,034 :: INFO :: handler init
2020-06-29 11:03:57,343 :: INFO :: Call 23269,00000172FF51E252_4548,00:00:04,2020/06/29 09:04:15,2020/06/29 09:04:36,2020/06/29 09:04:40,TerminatedBySrc,Ext.142,Ext.999,142,125,125,,,,,,,,Chain: Ext.142;Ext.125;
2020-06-29 11:03:57,349 :: INFO :: ok
2020-06-29 11:03:57,349 :: INFO :: handler init
2020-06-29 11:05:58,321 :: INFO :: Call 23270,00000172FF467A93_4527,00:14:53,2020/06/29 08:51:48,2020/06/29 08:51:48,2020/06/29 09:06:41,TerminatedByDst,0238886768,Ext.612,10000,612,612,QFwdToDNA,Ext.185,185,,,,,Chain: 0238886768;Ext.612;Ext.610;Ext.185;
2020-06-29 11:05:58,328 :: INFO :: ok
2020-06-29 11:05:58,328 :: INFO :: handler init
2020-06-29 11:06:43,597 :: INFO :: Call 23271,00000172FF51DF31_4547,00:03:08,2020/06/29 09:04:15,2020/06/29 09:04:18,2020/06/29 09:07:27,TerminatedBySrc,Ext.194,Ext.195,194,195,195,,,,,,,,Chain: Ext.194;Ext.195;
2020-06-29 11:06:43,603 :: INFO :: ok
2020-06-29 11:06:43,613 :: INFO :: handler init
2020-06-29 11:06:43,976 :: INFO :: Call 23272,00000172FF54B506_4552,00:00:06,2020/06/29 09:07:20,2020/06/29 09:07:21,2020/06/29 09:07:27,TerminatedBySrc,0251984759,EndCall,10001,EndCall,009,,,,,,,,Chain: 0251984759;EndCall;
2020-06-29 11:06:43,981 :: INFO :: ok
2020-06-29 11:06:43,982 :: INFO :: handler init
2020-06-29 11:06:48,515 :: INFO :: Call 23273,00000172FF545CAC_4551,00:00:13,2020/06/29 09:06:58,2020/06/29 09:07:18,2020/06/29 09:07:31,TerminatedBySrc,Ext.182,Ext.999,182,106,106,,,,,,,,Chain: Ext.182;Ext.106;
2020-06-29 11:06:48,521 :: INFO :: ok
2020-06-29 11:06:48,522 :: INFO :: handler init
2020-06-29 11:06:55,457 :: INFO :: Call 23274,00000172FF54EA06_4553,00:00:04,2020/06/29 09:07:34,2020/06/29 09:07:34,2020/06/29 09:07:38,TerminatedBySrc,Ext.194,Ext.999,194,115,115,,,,,,,,Chain: Ext.194;Ext.115;
2020-06-29 11:06:55,462 :: INFO :: ok
2020-06-29 11:06:55,462 :: INFO :: handler init
2020-06-29 11:07:18,244 :: INFO :: Call 23275,00000172FF550BE1_4554,,2020/06/29 09:07:43,,2020/06/29 09:08:01,Failed_Cancelled,Ext.194,Ext.125,194,125,125,,,,,,,,
2020-06-29 11:07:18,250 :: INFO :: ok
2020-06-29 11:07:18,250 :: INFO :: handler init
2020-06-29 11:09:01,110 :: INFO :: Call 23276,00000172FF512EE0_4546,00:05:55,2020/06/29 09:03:30,2020/06/29 09:03:49,2020/06/29 09:09:44,TerminatedBySrc,Ext.107,Ext.129,107,129,129,,,,,,,,Chain: Ext.107;Ext.129;
2020-06-29 11:09:01,117 :: INFO :: ok
2020-06-29 11:09:01,117 :: INFO :: handler init
2020-06-29 11:09:24,151 :: INFO :: Call 23277,00000172FF523A56_4549,00:05:28,2020/06/29 09:04:38,2020/06/29 09:04:38,2020/06/29 09:10:07,TerminatedBySrc,0562068211,Ext.611,10000,611,611,ReplacedDst,Ext.182,182,,,,,Chain: 0562068211;Ext.611;Ext.182;
2020-06-29 11:09:24,157 :: INFO :: ok
2020-06-29 11:09:24,157 :: INFO :: handler init
2020-06-29 11:09:32,348 :: INFO :: Call 23278,00000172FF5757D9_4560,,2020/06/29 09:10:13,,2020/06/29 09:10:15,Failed,Ext.182,0562068211,182,0562068211,0562068211,,,,,,,,
2020-06-29 11:09:32,353 :: INFO :: ok
2020-06-29 11:09:32,353 :: INFO :: handler init
2020-06-29 11:10:09,131 :: INFO :: Call 23279,00000172FF493FBA_4534,00:16:02,2020/06/29 08:54:50,2020/06/29 08:54:50,2020/06/29 09:10:52,TerminatedBySrc,0182380030,Ext.611,10000,611,611,ReplacedDst,Ext.194,194,,,,,Chain: 0182380030;Ext.611;Ext.194;
2020-06-29 11:10:09,137 :: INFO :: ok
2020-06-29 11:10:09,138 :: INFO :: handler init
2020-06-29 11:11:31,276 :: INFO :: Call 23280,00000172FF56041A_4557,00:03:27,2020/06/29 09:08:46,2020/06/29 09:08:47,2020/06/29 09:12:14,TerminatedBySrc,0381674510,Ext.611,10000,611,611,,,,,,,,Chain: 0381674510;Ext.611;
2020-06-29 11:11:31,285 :: INFO :: ok
2020-06-29 11:11:31,286 :: INFO :: handler init
2020-06-29 11:13:04,205 :: INFO :: Call 23281,00000172FF558D5B_4556,00:05:28,2020/06/29 09:08:16,2020/06/29 09:08:19,2020/06/29 09:13:47,TerminatedByDst,Ext.195,Ext.112,195,112,112,,,,,,,,Chain: Ext.195;Ext.112;
2020-06-29 11:13:04,211 :: INFO :: ok
2020-06-29 11:13:04,211 :: INFO :: handler init
2020-06-29 11:14:14,136 :: INFO :: Call 23282,00000172FF5B9CC5_4565,00:00:03,2020/06/29 09:14:53,2020/06/29 09:14:53,2020/06/29 09:14:57,TerminatedBySrc,0251984759,EndCall,10001,EndCall,009,,,,,,,,Chain: 0251984759;EndCall;
2020-06-29 11:14:14,142 :: INFO :: ok
2020-06-29 11:14:14,142 :: INFO :: handler init
2020-06-29 11:14:37,990 :: INFO :: Call 23283,00000172FF5AE32B_4563,00:01:14,2020/06/29 09:14:05,2020/06/29 09:14:07,2020/06/29 09:15:21,TerminatedByDst,Ext.195,0238886768,195,10001,0238886768,,,,,1,1.23,default,Chain: Ext.195;0238886768;
2020-06-29 11:14:37,995 :: INFO :: ok
2020-06-29 11:14:37,995 :: INFO :: handler init
2020-06-29 11:15:03,060 :: INFO :: Call 23284,00000172FF5B7876_4564,00:00:48,2020/06/29 09:14:44,2020/06/29 09:14:57,2020/06/29 09:15:46,TerminatedBySrc,Ext.194,0474022051,194,10001,0474022051,,,,,1,0.82,default,Chain: Ext.194;0474022051;
2020-06-29 11:15:03,066 :: INFO :: ok
2020-06-29 11:15:03,066 :: INFO :: handler init
2020-06-29 11:16:55,478 :: INFO :: Call 23285,00000172FF5E11B7_4568,00:00:04,2020/06/29 09:17:34,2020/06/29 09:17:34,2020/06/29 09:17:38,TerminatedBySrc,0251984759,EndCall,10001,EndCall,009,,,,,,,,Chain: 0251984759;EndCall;
2020-06-29 11:16:55,484 :: INFO :: ok
2020-06-29 11:16:55,484 :: INFO :: handler init
2020-06-29 11:17:34,547 :: INFO :: Call 23286,00000172FF4A754D_4536,00:22:08,2020/06/29 08:56:09,2020/06/29 08:56:09,2020/06/29 09:18:18,TerminatedByDst,0164638372,Ext.612,10000,612,612,ReplacedDst,Ext.143,143,,,,,Chain: 0164638372;Ext.612;Ext.143;
2020-06-29 11:17:34,552 :: INFO :: ok
2020-06-29 11:17:34,552 :: INFO :: handler init
2020-06-29 11:19:24,501 :: INFO :: Call 23287,00000172FF605C17_4570,00:00:02,2020/06/29 09:20:04,2020/06/29 09:20:04,2020/06/29 09:20:07,TerminatedBySrc,Ext.107,Ext.999,107,129,129,,,,,,,,Chain: Ext.107;Ext.129;
2020-06-29 11:19:24,506 :: INFO :: ok
2020-06-29 11:19:24,507 :: INFO :: handler init
2020-06-29 11:22:31,208 :: INFO :: Call 23288,00000172FF5E5E50_4569,00:05:11,2020/06/29 09:17:54,2020/06/29 09:18:02,2020/06/29 09:23:14,TerminatedByDst,Ext.126,0231803721,126,10001,0231803721,,,,,1,5.20,default,Chain: Ext.126;0231803721;
2020-06-29 11:22:31,215 :: INFO :: ok
2020-06-29 11:22:31,215 :: INFO :: handler init
2020-06-29 11:23:26,959 :: INFO :: Call 23289,00000172FF5D2C0C_4566,00:07:21,2020/06/29 09:16:35,2020/06/29 09:16:49,2020/06/29 09:24:10,TerminatedByDst,Ext.124,Ext.125,124,125,125,ReplacedSrc,0240807717,10000,,,,,Chain: Ext.124;Ext.125;0240807717;
2020-06-29 11:23:26,964 :: INFO :: ok
2020-06-29 11:23:26,965 :: INFO :: handler init
2020-06-29 11:23:47,182 :: INFO :: Call 23290,00000172FF645FA7_4575,00:00:02,2020/06/29 09:24:27,2020/06/29 09:24:27,2020/06/29 09:24:30,TerminatedBySrc,Ext.107,Ext.999,107,129,129,,,,,,,,Chain: Ext.107;Ext.129;
2020-06-29 11:23:47,187 :: INFO :: ok
2020-06-29 11:23:47,187 :: INFO :: handler init
2020-06-29 11:24:17,190 :: INFO :: Call 23291,00000172FF615E36_4572,00:03:40,2020/06/29 09:21:10,2020/06/29 09:21:19,2020/06/29 09:25:00,TerminatedBySrc,Ext.185,Ext.140,185,140,140,,,,,,,,Chain: Ext.185;Ext.140;
2020-06-29 11:24:17,196 :: INFO :: ok
2020-06-29 11:24:17,196 :: INFO :: handler init
2020-06-29 11:25:13,227 :: INFO :: Call 23292,00000172FF4859D7_4530,00:32:02,2020/06/29 08:53:51,2020/06/29 08:53:54,2020/06/29 09:25:56,TerminatedBySrc,Ext.115,0290892172,115,10001,0290892172,ReplacedSrc,0290892172,10001,,1,32.03,default,Chain: Ext.115;0290892172;
2020-06-29 11:25:13,233 :: INFO :: ok
2020-06-29 11:25:13,234 :: INFO :: handler init
2020-06-29 11:31:30,175 :: INFO :: Call 23293,00000172FF4C09AC_4541,00:34:20,2020/06/29 08:57:52,2020/06/29 08:57:53,2020/06/29 09:32:13,TerminatedByDst,0660763303,Ext.610,10000,610,610,ReplacedDst,Ext.185,185,,,,,Chain: 0660763303;Ext.610;Ext.185;
2020-06-29 11:31:30,182 :: INFO :: ok
2020-06-29 11:31:30,182 :: INFO :: handler init
2020-06-29 11:32:30,709 :: INFO :: Call 23294,00000172FF62B446_4574,00:10:35,2020/06/29 09:22:38,2020/06/29 09:22:38,2020/06/29 09:33:14,TerminatedBySrc,0563534223,Ext.611,10000,611,611,ReplacedDst,Ext.194,194,,,,,Chain: 0563534223;Ext.611;Ext.194;
2020-06-29 11:32:30,715 :: INFO :: ok
2020-06-29 11:32:30,716 :: INFO :: handler init
2020-06-29 11:33:28,982 :: INFO :: Call 23295,00000172FF56F40D_4558,00:24:17,2020/06/29 09:09:48,2020/06/29 09:09:55,2020/06/29 09:34:12,TerminatedBySrc,Ext.129,Ext.111,129,111,111,,,,,,,,Chain: Ext.129;Ext.111;
2020-06-29 11:33:28,987 :: INFO :: ok
2020-06-29 11:33:28,988 :: INFO :: handler init
2020-06-29 11:36:07,367 :: INFO :: Call 23296,00000172FF6F4D8F_4579,,2020/06/29 09:36:23,,2020/06/29 09:36:50,Failed,Ext.111,0251984913,111,0251984913,0251984913,,,,,,,,
2020-06-29 11:36:07,374 :: INFO :: ok
2020-06-29 11:36:07,374 :: INFO :: handler init
2020-06-29 11:37:49,337 :: INFO :: Call 23297,00000172FF68679C_4576,00:09:34,2020/06/29 09:28:51,2020/06/29 09:28:58,2020/06/29 09:38:32,TerminatedByDst,Ext.126,0327618740,126,10001,0327618740,,,,,1,9.57,default,Chain: Ext.126;0327618740;
2020-06-29 11:37:49,344 :: INFO :: ok
2020-06-29 11:37:49,344 :: INFO :: handler init
2020-06-29 11:38:38,850 :: INFO :: Call 23298,00000172FF5970D6_4561,00:26:49,2020/06/29 09:12:31,2020/06/29 09:12:31,2020/06/29 09:39:21,TerminatedByDst,0139319310,Ext.612,10000,612,612,QFwdToDNA,Ext.185,185,,,,,Chain: 0139319310;Ext.612;Ext.610;Ext.185;
2020-06-29 11:38:38,855 :: INFO :: ok
2020-06-29 11:38:38,856 :: INFO :: handler init
2020-06-29 11:40:25,957 :: INFO :: Call 23299,00000172FF723E50_4582,00:01:24,2020/06/29 09:39:36,2020/06/29 09:39:45,2020/06/29 09:41:09,TerminatedBySrc,Ext.185,0660763303,185,10001,0660763303,,,,,1,1.40,default,Chain: Ext.185;0660763303;
2020-06-29 11:40:25,963 :: INFO :: ok
2020-06-29 11:40:25,963 :: INFO :: handler init
2020-06-29 11:42:45,676 :: INFO :: Call 23300,00000172FF723298_4581,00:03:55,2020/06/29 09:39:33,2020/06/29 09:39:33,2020/06/29 09:43:29,TerminatedBySrc,0381674510,Ext.611,10000,611,611,ReplacedDst,Ext.601,601,,,,,Chain: 0381674510;Ext.611;Ext.601;
2020-06-29 11:42:45,683 :: INFO :: ok
2020-06-29 11:42:45,683 :: INFO :: handler init
2020-06-29 11:46:37,590 :: INFO :: Call 23301,00000172FF753363_4585,00:04:30,2020/06/29 09:42:50,2020/06/29 09:42:50,2020/06/29 09:47:21,TerminatedBySrc,0494869747,Ext.611,10000,611,611,ReplacedDst,Ext.194,194,,,,,Chain: 0494869747;Ext.611;Ext.194;
2020-06-29 11:46:37,596 :: INFO :: ok
2020-06-29 11:46:37,597 :: INFO :: handler init
2020-06-29 11:47:06,029 :: INFO :: Call 23302,00000172FF6D60DF_4577,00:13:22,2020/06/29 09:34:17,2020/06/29 09:34:26,2020/06/29 09:47:49,TerminatedByDst,Ext.182,0232463030,182,10001,0232463030,,,,,1,13.38,default,Chain: Ext.182;0232463030;
2020-06-29 11:47:06,035 :: INFO :: ok
2020-06-29 11:47:06,035 :: INFO :: handler init
2020-06-29 11:48:57,012 :: INFO :: Call 23303,00000172FF747C12_4584,00:07:33,2020/06/29 09:42:03,2020/06/29 09:42:07,2020/06/29 09:49:40,TerminatedBySrc,Ext.125,Ext.195,125,195,195,ReplacedSrc,Ext.195,195,,,,,Chain: Ext.125;Ext.195;
2020-06-29 11:48:57,017 :: INFO :: ok
2020-06-29 11:48:57,017 :: INFO :: handler init
2020-06-29 11:49:51,756 :: INFO :: Call 23304,00000172FF761A86_4586,00:06:45,2020/06/29 09:43:49,2020/06/29 09:43:49,2020/06/29 09:50:35,TerminatedBySrc,0384922209,Ext.611,10000,611,611,ReplacedDst,Ext.601,601,,,,,Chain: 0384922209;Ext.611;Ext.601;
2020-06-29 11:49:51,763 :: INFO :: ok
2020-06-29 11:49:51,763 :: INFO :: handler init
2020-06-29 11:50:36,052 :: INFO :: Call 23305,00000172FF78DDAB_4589,00:04:28,2020/06/29 09:46:50,2020/06/29 09:46:50,2020/06/29 09:51:19,TerminatedBySrc,0479220895,Ext.611,10000,611,611,ReplacedDst,Ext.182,182,,,,,Chain: 0479220895;Ext.611;Ext.182;
2020-06-29 11:50:36,060 :: INFO :: ok
2020-06-29 11:50:36,060 :: INFO :: handler init
2020-06-29 11:51:46,482 :: INFO :: Call 23306,00000172FF6FD5B6_4580,00:15:20,2020/06/29 09:36:58,2020/06/29 09:37:08,2020/06/29 09:52:29,TerminatedByDst,Ext.111,0613029458,111,10001,0613029458,,,,,1,15.35,default,Chain: Ext.111;0613029458;
2020-06-29 11:51:46,489 :: INFO :: ok
2020-06-29 11:51:46,489 :: INFO :: handler init
2020-06-29 11:52:30,327 :: INFO :: Call 23307,00000172FF7C2CC9_4594,00:02:43,2020/06/29 09:50:27,2020/06/29 09:50:30,2020/06/29 09:53:13,TerminatedByDst,Ext.125,Ext.112,125,112,112,,,,,,,,Chain: Ext.125;Ext.112;
2020-06-29 11:52:30,333 :: INFO :: ok
2020-06-29 11:52:30,333 :: INFO :: handler init
2020-06-29 12:02:13,562 :: INFO :: Call 23308,00000172FF873761_4595,,2020/06/29 10:02:31,,2020/06/29 10:02:57,Failed,Ext.195,0231717078,195,0231717078,0231717078,,,,,,,,
2020-06-29 12:02:13,568 :: INFO :: ok
2020-06-29 12:02:13,568 :: INFO :: handler init
2020-06-29 12:02:49,633 :: INFO :: Call 23309,00000172FF87C010_4596,00:00:23,2020/06/29 10:03:06,2020/06/29 10:03:09,2020/06/29 10:03:33,TerminatedBySrc,Ext.195,0231717088,195,10001,0231717088,,,,,1,0.40,default,Chain: Ext.195;0231717088;
2020-06-29 12:02:49,639 :: INFO :: ok
2020-06-29 12:02:49,640 :: INFO :: handler init
2020-06-29 12:04:01,827 :: INFO :: Call 23310,00000172FF7BCDDD_4593,00:14:37,2020/06/29 09:50:03,2020/06/29 09:50:07,2020/06/29 10:04:45,TerminatedByDst,Ext.115,0241272395,115,10001,0241272395,,,,,1,14.63,default,Chain: Ext.115;0241272395;
2020-06-29 12:04:01,833 :: INFO :: ok
2020-06-29 12:04:01,851 :: INFO :: handler init
2020-06-29 12:10:20,991 :: INFO :: Call 23311,00000172FF727985_4583,00:30:56,2020/06/29 09:39:51,2020/06/29 09:40:07,2020/06/29 10:11:04,TerminatedBySrc,Ext.114,0479599685,114,10001,0479599685,,,,,1,30.95,default,Chain: Ext.114;0479599685;
2020-06-29 12:10:20,998 :: INFO :: ok
2020-06-29 12:10:20,998 :: INFO :: handler init
2020-06-29 12:14:24,535 :: INFO :: Call 23312,00000172FF899FCD_4598,00:09:52,2020/06/29 10:05:08,2020/06/29 10:05:15,2020/06/29 10:15:08,TerminatedByDst,Ext.115,Ext.107,115,107,107,,,,,,,,Chain: Ext.115;Ext.107;
2020-06-29 12:14:24,541 :: INFO :: ok
2020-06-29 12:14:24,542 :: INFO :: handler init
2020-06-29 12:20:06,687 :: INFO :: Call 23313,00000172FF893B42_4597,00:15:55,2020/06/29 10:04:43,2020/06/29 10:04:55,2020/06/29 10:20:50,TerminatedByDst,Ext.195,Ext.194,195,194,194,,,,,,,,Chain: Ext.195;Ext.194;
2020-06-29 12:20:06,694 :: INFO :: ok
2020-06-29 12:20:06,694 :: INFO :: handler init
2020-06-29 12:22:46,675 :: INFO :: Server loop 3cxtcpserver running in process: 13207
2020-06-29 12:25:05,898 :: INFO :: Call 23314,00000172FF9C7B4C_4600,,2020/06/29 10:25:44,,2020/06/29 10:25:49,Failed_Cancelled,Ext.195,Ext.196,195,196,196,,,,,,,,
2020-06-29 12:25:05,955 :: INFO :: ok
2020-06-29 12:25:05,956 :: INFO :: handler init
2020-06-29 13:49:42,793 :: INFO :: Call 23320,00000172FFDA9A1C_4602,00:16:39,2020/06/29 11:33:35,2020/06/29 11:33:46,2020/06/29 11:50:26,TerminatedBySrc,Ext.115,0169758886,115,10001,0169758886,,,,,1,16.67,default,Chain: Ext.115;0169758886;
2020-06-29 13:49:42,801 :: INFO :: ok
2020-06-29 13:49:42,802 :: INFO :: handler init
2020-06-29 13:49:58,387 :: INFO :: Call 23321,00000172FFE93EA1_4612,00:00:58,2020/06/29 11:49:35,2020/06/29 11:49:43,2020/06/29 11:50:41,TerminatedBySrc,Ext.185,Ext.126,185,126,126,,,,,,,,Chain: Ext.185;Ext.126;
2020-06-29 13:49:58,393 :: INFO :: ok
2020-06-29 13:49:58,393 :: INFO :: handler init
2020-06-29 13:50:14,542 :: INFO :: Call 23322,00000172FFEA2B21_4613,00:00:17,2020/06/29 11:50:36,2020/06/29 11:50:40,2020/06/29 11:50:58,TerminatedByDst,Ext.115,0169758886,115,10001,0169758886,,,,,1,0.30,default,Chain: Ext.115;0169758886;
2020-06-29 13:50:14,547 :: INFO :: ok
2020-06-29 13:50:14,547 :: INFO :: handler init
2020-06-29 13:50:26,850 :: INFO :: Call 23323,00000172FFEA5937_4614,00:00:02,2020/06/29 11:50:47,2020/06/29 11:51:08,2020/06/29 11:51:10,TerminatedBySrc,Ext.185,Ext.999,185,125,125,,,,,,,,Chain: Ext.185;Ext.125;
2020-06-29 13:50:26,856 :: INFO :: ok
2020-06-29 13:50:26,856 :: INFO :: handler init
2020-06-29 13:50:57,779 :: INFO :: Call 23324,00000172FFEB27A9_4615,,2020/06/29 11:51:40,,2020/06/29 11:51:41,Failed,Ext.115,0169758886,115,0169758886,0169758886,,,,,,,,
2020-06-29 13:50:57,784 :: INFO :: ok
2020-06-29 13:50:57,785 :: INFO :: handler init
2020-06-29 13:51:26,126 :: INFO :: Call 23325,00000172FFE68011_4608,00:05:32,2020/06/29 11:46:35,2020/06/29 11:46:35,2020/06/29 11:52:08,TerminatedByDst,0240807717,Ext.610,10000,610,610,ReplacedDst,Ext.185,185,,,,,Chain: 0240807717;Ext.610;Ext.185;
2020-06-29 13:51:26,132 :: INFO :: ok
2020-06-29 13:51:26,132 :: INFO :: handler init
2020-06-29 13:51:27,988 :: INFO :: Call 23326,00000172FFE8B0E3_4611,00:03:09,2020/06/29 11:48:59,2020/06/29 11:49:01,2020/06/29 11:52:11,TerminatedByDst,Ext.114,0553010147,114,10001,0553010147,,,,,1,3.17,default,Chain: Ext.114;0553010147;
2020-06-29 13:51:27,993 :: INFO :: ok
2020-06-29 13:51:27,994 :: INFO :: handler init
2020-06-29 13:56:57,468 :: INFO :: Call 23327,00000172FFEEFCEB_4616,00:01:46,2020/06/29 11:55:51,2020/06/29 11:55:54,2020/06/29 11:57:41,TerminatedByDst,Ext.114,0553010147,114,10001,0553010147,,,,,1,1.78,default,Chain: Ext.114;0553010147;
2020-06-29 13:56:57,475 :: INFO :: ok
2020-06-29 13:56:57,475 :: INFO :: handler init
2020-06-29 13:59:36,010 :: INFO :: Call 23328,00000172FFF28590_4617,00:00:25,2020/06/29 11:59:43,2020/06/29 11:59:53,2020/06/29 12:00:19,TerminatedByDst,Ext.601,0251363894,601,10001,0251363894,,,,,1,0.43,default,Chain: Ext.601;0251363894;
2020-06-29 13:59:36,015 :: INFO :: ok
2020-06-29 13:59:36,016 :: INFO :: handler init
2020-06-29 14:00:34,013 :: INFO :: Call 23329,00000172FFF3D5AE_4618,00:00:05,2020/06/29 12:01:09,2020/06/29 12:01:11,2020/06/29 12:01:16,TerminatedByDst,Ext.601,EndCall,601,EndCall,0466422265,,EndCall,EndCall,,,,,Chain: Ext.601;0466422265;EndCall;
2020-06-29 14:00:34,018 :: INFO :: ok
2020-06-29 14:00:34,019 :: INFO :: handler init
2020-06-29 14:05:16,740 :: INFO :: Call 23330,00000172FFF82B0C_4620,00:00:03,2020/06/29 12:05:53,2020/06/29 12:05:57,2020/06/29 12:06:00,TerminatedBySrc,Ext.114,0130956302,114,10001,0130956302,,,,,1,0.05,default,Chain: Ext.114;0130956302;
2020-06-29 14:05:16,746 :: INFO :: ok
2020-06-29 14:05:16,746 :: INFO :: handler init
2020-06-29 14:05:35,441 :: INFO :: Call 23331,00000172FFF86C70_4621,00:00:04,2020/06/29 12:06:10,2020/06/29 12:06:14,2020/06/29 12:06:19,TerminatedBySrc,Ext.114,0130956302,114,10001,0130956302,,,,,1,0.08,default,Chain: Ext.114;0130956302;
2020-06-29 14:05:35,479 :: INFO :: ok
2020-06-29 14:05:35,479 :: INFO :: handler init
2020-06-29 14:06:00,949 :: INFO :: Call 23332,00000172FFE64B68_4607,00:20:22,2020/06/29 11:46:22,2020/06/29 11:46:22,2020/06/29 12:06:44,TerminatedByDst,0380100034,Ext.612,10000,612,612,ReplacedDst,Ext.143,143,,,,,Chain: 0380100034;Ext.612;Ext.143;
2020-06-29 14:06:00,954 :: INFO :: ok
2020-06-29 14:06:00,954 :: INFO :: handler init
2020-06-29 14:07:04,796 :: INFO :: Call 23334,00000172FFF3DBBA_4619,00:06:37,2020/06/29 12:01:11,2020/06/29 12:01:11,2020/06/29 12:07:48,TerminatedBySrc,0495338530,Ext.611,10000,611,611,ReplacedDst,Ext.601,601,,,,,Chain: 0495338530;Ext.611;Ext.601;
2020-06-29 14:07:04,801 :: INFO :: ok
2020-06-29 14:07:04,801 :: INFO :: handler init
2020-06-29 14:13:49,082 :: INFO :: Call 23335,00000172FFFFC1C5_4629,00:00:14,2020/06/29 12:14:10,2020/06/29 12:14:17,2020/06/29 12:14:32,TerminatedBySrc,Ext.111,0561713858,111,10001,0561713858,,,,,1,0.25,default,Chain: Ext.111;0561713858;
2020-06-29 14:13:49,089 :: INFO :: ok
2020-06-29 14:13:49,090 :: INFO :: handler init
2020-06-29 14:15:10,131 :: INFO :: Call 23336,00000172FFF92AE4_4623,00:08:49,2020/06/29 12:06:59,2020/06/29 12:07:04,2020/06/29 12:15:53,TerminatedBySrc,Ext.114,0638691266,114,10001,0638691266,,,,,1,8.82,default,Chain: Ext.114;0638691266;
2020-06-29 14:15:10,137 :: INFO :: ok
2020-06-29 14:15:10,137 :: INFO :: handler init
2020-06-29 14:17:15,017 :: INFO :: Call 23337,000001730003265C_4635,00:00:01,2020/06/29 12:17:53,2020/06/29 12:17:56,2020/06/29 12:17:58,TerminatedBySrc,Ext.114,0130956302,114,10001,0130956302,,,,,1,0.03,default,Chain: Ext.114;0130956302;
2020-06-29 14:17:15,023 :: INFO :: ok
2020-06-29 14:17:15,023 :: INFO :: handler init
2020-06-29 14:19:14,717 :: INFO :: Call 23338,0000017300047A5D_4636,00:00:14,2020/06/29 12:19:20,2020/06/29 12:19:43,2020/06/29 12:19:57,TerminatedByDst,Ext.114,0638691266,114,10001,0638691266,,,,,1,0.23,default,Chain: Ext.114;0638691266;
2020-06-29 14:19:14,723 :: INFO :: ok
2020-06-29 14:19:14,723 :: INFO :: handler init
2020-06-29 14:19:44,921 :: INFO :: Call 23339,00000173000539E1_4637,,2020/06/29 12:20:09,,2020/06/29 12:20:28,Failed,Ext.194,0182380036,194,0182380036,0182380036,,,,,,,,
2020-06-29 14:19:44,926 :: INFO :: ok
2020-06-29 14:19:44,926 :: INFO :: handler init
2020-06-29 14:19:53,195 :: INFO :: Call 23340,000001730002AB8E_4634,00:00:00,2020/06/29 12:17:21,2020/06/29 12:17:22,2020/06/29 12:17:22,TerminatedBySrc,0479220895,Ext.611,10000,611,611,,,,,,,,Chain: 0479220895;Ext.611;
2020-06-29 14:19:53,201 :: INFO :: ok
2020-06-29 14:19:53,201 :: INFO :: handler init
2020-06-29 14:20:41,027 :: INFO :: Call 23341,00000173000656E9_4640,00:00:01,2020/06/29 12:21:22,2020/06/29 12:21:22,2020/06/29 12:21:24,TerminatedBySrc,Ext.112,Ext.999,112,999,999,,,,,,,,Chain: Ext.112;Ext.999;
2020-06-29 14:20:41,032 :: INFO :: ok
2020-06-29 14:20:41,032 :: INFO :: handler init
2020-06-29 14:21:03,128 :: INFO :: Call 23342,000001730006385B_4639,00:00:31,2020/06/29 12:21:14,2020/06/29 12:21:15,2020/06/29 12:21:46,TerminatedBySrc,Ext.194,0182380030,194,10001,0182380030,,,,,1,0.52,default,Chain: Ext.194;0182380030;
2020-06-29 14:21:03,133 :: INFO :: ok
2020-06-29 14:21:03,134 :: INFO :: handler init
2020-06-29 14:21:11,803 :: INFO :: Call 23343,000001730006C7D6_4641,,2020/06/29 12:21:51,,2020/06/29 12:21:55,Failed,Ext.194,0614503625,194,0614503625,0614503625,,,,,,,,
2020-06-29 14:21:11,812 :: INFO :: ok
2020-06-29 14:21:11,819 :: INFO :: handler init
2020-06-29 14:21:25,729 :: INFO :: Call 23344,000001730006F48B_4642,00:00:06,2020/06/29 12:22:02,2020/06/29 12:22:02,2020/06/29 12:22:09,TerminatedBySrc,Ext.112,Ext.999,112,999,999,,,,,,,,Chain: Ext.112;Ext.999;
2020-06-29 14:21:25,734 :: INFO :: ok
2020-06-29 14:21:25,735 :: INFO :: handler init
2020-06-29 14:21:40,919 :: INFO :: Call 23345,0000017300070180_4643,,2020/06/29 12:22:05,,2020/06/29 12:22:24,Failed,Ext.194,0182380036,194,0182380036,0182380036,,,,,,,,
2020-06-29 14:21:40,926 :: INFO :: ok
2020-06-29 14:21:40,926 :: INFO :: handler init
2020-06-29 14:21:50,042 :: INFO :: Call 23346,0000017300053EA5_4638,00:02:19,2020/06/29 12:20:10,2020/06/29 12:20:13,2020/06/29 12:22:33,TerminatedBySrc,Ext.182,Ext.114,182,114,114,,,,,,,,Chain: Ext.182;Ext.114;
2020-06-29 14:21:50,047 :: INFO :: ok
2020-06-29 14:21:50,047 :: INFO :: handler init
2020-06-29 14:22:35,689 :: INFO :: Call 23347,00000173000801C4_4644,00:00:07,2020/06/29 12:23:11,2020/06/29 12:23:11,2020/06/29 12:23:19,TerminatedByDst,0608923040,EndCall,10001,EndCall,009,,,,,,,,Chain: 0608923040;EndCall;
2020-06-29 14:22:35,694 :: INFO :: ok
2020-06-29 14:22:35,694 :: INFO :: handler init
2020-06-29 14:22:49,236 :: INFO :: Call 23348,00000173000836DA_4645,00:00:07,2020/06/29 12:23:25,2020/06/29 12:23:25,2020/06/29 12:23:32,TerminatedByDst,0608923040,EndCall,10001,EndCall,009,,,,,,,,Chain: 0608923040;EndCall;
2020-06-29 14:22:49,242 :: INFO :: ok
2020-06-29 14:22:49,243 :: INFO :: handler init
2020-06-29 14:23:02,292 :: INFO :: Call 23349,00000173000869E9_4646,00:00:07,2020/06/29 12:23:38,2020/06/29 12:23:38,2020/06/29 12:23:45,TerminatedByDst,0608923040,EndCall,10001,EndCall,009,,,,,,,,Chain: 0608923040;EndCall;
2020-06-29 14:23:02,297 :: INFO :: ok
2020-06-29 14:23:02,297 :: INFO :: handler init
2020-06-29 14:25:37,267 :: INFO :: Call 23350,00000172FFFA36F5_4624,00:18:12,2020/06/29 12:08:07,2020/06/29 12:08:07,2020/06/29 12:26:20,TerminatedBySrc,0473150905,Ext.611,10000,611,611,ReplacedDst,Ext.114,114,,,,,Chain: 0473150905;Ext.611;Ext.182;Ext.114;
2020-06-29 14:25:37,273 :: INFO :: ok
2020-06-29 14:25:37,273 :: INFO :: handler init
2020-06-29 14:26:34,671 :: INFO :: Call 23351,00000172FFFF4CF5_4627,00:13:35,2020/06/29 12:13:40,2020/06/29 12:13:42,2020/06/29 12:27:18,TerminatedByDst,Ext.195,0321390098,195,10001,0321390098,,,,,1,13.60,default,Chain: Ext.195;0321390098;
2020-06-29 14:26:34,677 :: INFO :: ok
2020-06-29 14:26:34,677 :: INFO :: handler init
2020-06-29 14:26:39,469 :: INFO :: Call 23352,00000173000BC0E5_4648,00:00:05,2020/06/29 12:27:17,2020/06/29 12:27:17,2020/06/29 12:27:22,TerminatedBySrc,0231717073,EndCall,10001,EndCall,009,,,,,,,,Chain: 0231717073;EndCall;
2020-06-29 14:26:39,474 :: INFO :: ok
2020-06-29 14:26:39,474 :: INFO :: handler init
2020-06-29 14:26:55,091 :: INFO :: Call 23353,00000173000C0F0A_4649,00:00:01,2020/06/29 12:27:37,2020/06/29 12:27:37,2020/06/29 12:27:38,TerminatedBySrc,Ext.182,Ext.999,182,114,114,,,,,,,,Chain: Ext.182;Ext.114;
2020-06-29 14:26:55,096 :: INFO :: ok
2020-06-29 14:26:55,096 :: INFO :: handler init
2020-06-29 14:27:20,811 :: INFO :: Call 23354,00000172FFFAA4FA_4626,00:19:19,2020/06/29 12:08:35,2020/06/29 12:08:44,2020/06/29 12:28:04,TerminatedByDst,Ext.601,0466452265,601,10001,0466452265,,,,,1,19.33,default,Chain: Ext.601;0466452265;
2020-06-29 14:27:20,816 :: INFO :: ok
2020-06-29 14:27:20,817 :: INFO :: handler init
2020-06-29 14:27:44,458 :: INFO :: Call 23355,00000173000C8C84_4650,,2020/06/29 12:28:09,,2020/06/29 12:28:28,Failed,Ext.194,0473147165,194,0473147165,0473147165,,,,,,,,
2020-06-29 14:27:44,464 :: INFO :: ok
2020-06-29 14:27:44,465 :: INFO :: handler init
2020-06-29 14:29:27,016 :: INFO :: Call 23356,0000017300008FE7_4631,00:15:01,2020/06/29 12:15:03,2020/06/29 12:15:09,2020/06/29 12:30:10,TerminatedByDst,Ext.111,0565713858,111,10001,0565713858,,,,,1,15.02,default,Chain: Ext.111;0565713858;
2020-06-29 14:29:27,022 :: INFO :: ok
2020-06-29 14:29:27,022 :: INFO :: handler init
2020-06-29 14:30:09,547 :: INFO :: Call 23357,00000173000BB15C_4647,00:03:22,2020/06/29 12:27:13,2020/06/29 12:27:30,2020/06/29 12:30:53,TerminatedByDst,Ext.114,0612694695,114,10001,0612694695,,,,,1,3.38,default,Chain: Ext.114;0612694695;
2020-06-29 14:30:09,553 :: INFO :: ok
2020-06-29 14:30:09,553 :: INFO :: handler init
2020-06-29 14:32:49,669 :: INFO :: Call 23358,0000017300105991_4654,00:01:14,2020/06/29 12:32:18,2020/06/29 12:32:18,2020/06/29 12:33:33,TerminatedBySrc,0175605552,Ext.615,10000,615,615,,,,,,,,Chain: 0175605552;Ext.615;
2020-06-29 14:32:49,677 :: INFO :: ok
2020-06-29 14:32:49,677 :: INFO :: handler init
2020-06-29 14:33:07,076 :: INFO :: Call 23359,0000017300114AA9_4655,00:00:10,2020/06/29 12:33:20,2020/06/29 12:33:40,2020/06/29 12:33:50,TerminatedBySrc,Ext.124,Ext.999,124,125,125,,,,,,,,Chain: Ext.124;Ext.125;
2020-06-29 14:33:07,081 :: INFO :: ok
2020-06-29 14:33:07,081 :: INFO :: handler init
2020-06-29 14:34:03,501 :: INFO :: Call 23360,00000172FFFF64C6_4628,00:20:59,2020/06/29 12:13:47,2020/06/29 12:13:47,2020/06/29 12:34:46,TerminatedByDst,0299265644,Ext.610,10000,610,610,ReplacedDst,Ext.140,140,,,,,Chain: 0299265644;Ext.610;Ext.185;Ext.140;
2020-06-29 14:34:03,507 :: INFO :: ok
2020-06-29 14:34:03,507 :: INFO :: handler init
2020-06-29 14:34:35,612 :: INFO :: Call 23361,00000173000F224E_4652,00:04:20,2020/06/29 12:30:58,2020/06/29 12:30:58,2020/06/29 12:35:19,TerminatedByDst,0240807717,Ext.610,10000,610,610,ReplacedDst,Ext.124,124,,,,,Chain: 0240807717;Ext.610;Ext.124;
2020-06-29 14:34:35,618 :: INFO :: ok
2020-06-29 14:34:35,618 :: INFO :: handler init
2020-06-29 14:38:50,156 :: INFO :: Call 23362,0000017300167C9F_4660,00:00:12,2020/06/29 12:39:00,2020/06/29 12:39:20,2020/06/29 12:39:33,TerminatedBySrc,Ext.601,Ext.999,601,125,125,,,,,,,,Chain: Ext.601;Ext.125;
2020-06-29 14:38:50,162 :: INFO :: ok
2020-06-29 14:38:50,163 :: INFO :: handler init
2020-06-29 14:40:01,049 :: INFO :: Call 23363,0000017300177CEE_4661,00:00:15,2020/06/29 12:40:06,2020/06/29 12:40:29,2020/06/29 12:40:44,TerminatedBySrc,Ext.114,0612694695,114,10001,0612694695,,,,,1,0.25,default,Chain: Ext.114;0612694695;
2020-06-29 14:40:01,055 :: INFO :: ok
2020-06-29 14:40:01,055 :: INFO :: handler init
2020-06-29 14:40:24,472 :: INFO :: Call 23364,0000017300185E6E_4662,00:00:03,2020/06/29 12:41:03,2020/06/29 12:41:04,2020/06/29 12:41:07,TerminatedBySrc,Ext.114,EndCall,114,EndCall,06126940612694695,,EndCall,EndCall,,,,,Chain: Ext.114;;EndCall;
2020-06-29 14:40:24,478 :: INFO :: ok
2020-06-29 14:40:24,479 :: INFO :: handler init
2020-06-29 14:40:58,065 :: INFO :: Call 23365,00000173001879BE_4663,00:00:08,2020/06/29 12:41:10,2020/06/29 12:41:33,2020/06/29 12:41:41,TerminatedBySrc,Ext.114,0612694695,114,10001,0612694695,,,,,1,0.13,default,Chain: Ext.114;0612694695;
2020-06-29 14:40:58,073 :: INFO :: ok
2020-06-29 14:40:58,073 :: INFO :: handler init
2020-06-29 14:44:16,595 :: INFO :: Call 23366,000001730014CE7F_4656,00:07:49,2020/06/29 12:37:10,2020/06/29 12:37:10,2020/06/29 12:45:00,TerminatedBySrc,0684337710,Ext.611,10000,611,611,ReplacedDst,Ext.601,601,,,,,Chain: 0684337710;Ext.611;Ext.601;
2020-06-29 14:44:16,600 :: INFO :: ok
2020-06-29 14:44:16,600 :: INFO :: handler init
2020-06-29 14:48:42,539 :: INFO :: Call 23367,00000173001FFB5A_4671,00:00:02,2020/06/29 12:49:22,2020/06/29 12:49:23,2020/06/29 12:49:25,TerminatedBySrc,Ext.102,Ext.999,102,306,306,,,,,,,,Chain: Ext.102;Ext.306;
2020-06-29 14:48:42,545 :: INFO :: ok
2020-06-29 14:48:42,546 :: INFO :: handler init
2020-06-29 14:49:06,613 :: INFO :: Call 23368,00000173001FF30F_4670,00:00:05,2020/06/29 12:49:20,2020/06/29 12:49:45,2020/06/29 12:49:50,TerminatedBySrc,Ext.114,0612694695,114,10001,0612694695,,,,,1,0.08,default,Chain: Ext.114;0612694695;
2020-06-29 14:49:06,618 :: INFO :: ok
2020-06-29 14:49:06,618 :: INFO :: handler init
2020-06-29 14:49:48,704 :: INFO :: Call 23369,00000173002091DB_4672,00:00:07,2020/06/29 12:50:01,2020/06/29 12:50:24,2020/06/29 12:50:32,TerminatedBySrc,Ext.114,0612694695,114,10001,0612694695,,,,,1,0.13,default,Chain: Ext.114;0612694695;
2020-06-29 14:49:48,709 :: INFO :: ok
2020-06-29 14:49:48,709 :: INFO :: handler init
2020-06-29 14:50:49,664 :: INFO :: Call 23370,00000173001F4F3E_4667,00:02:54,2020/06/29 12:48:38,2020/06/29 12:48:39,2020/06/29 12:51:33,TerminatedBySrc,0164304974,Ext.611,10000,611,611,ReplacedDst,Ext.601,601,,,,,Chain: 0164304974;Ext.611;Ext.601;
2020-06-29 14:50:49,669 :: INFO :: ok
2020-06-29 14:50:49,670 :: INFO :: handler init
2020-06-29 14:50:55,046 :: INFO :: Call 23371,00000173001F0D53_4665,00:03:16,2020/06/29 12:48:21,2020/06/29 12:48:22,2020/06/29 12:51:38,TerminatedByDst,0499647258,Ext.615,10000,615,615,ReplacedDst,Ext.102,102,,,,,Chain: 0499647258;Ext.615;Ext.102;
2020-06-29 14:50:55,052 :: INFO :: ok
2020-06-29 14:50:55,052 :: INFO :: handler init
2020-06-29 14:51:40,801 :: INFO :: Call 23372,00000173001EDA9A_4664,00:04:09,2020/06/29 12:48:08,2020/06/29 12:48:14,2020/06/29 12:52:24,TerminatedBySrc,Ext.182,Ext.194,182,194,194,,,,,,,,Chain: Ext.182;Ext.194;
2020-06-29 14:51:40,806 :: INFO :: ok
2020-06-29 14:51:40,819 :: INFO :: handler init
2020-06-29 14:52:43,059 :: INFO :: Call 23373,00000173001FD9E7_4669,00:04:02,2020/06/29 12:49:14,2020/06/29 12:49:24,2020/06/29 12:53:26,TerminatedByDst,Ext.129,Ext.112,129,112,112,,,,,,,,Chain: Ext.129;Ext.112;
2020-06-29 14:52:43,065 :: INFO :: ok
2020-06-29 14:52:43,065 :: INFO :: handler init
2020-06-29 14:53:21,980 :: INFO :: Call 23374,000001730023F929_4674,,2020/06/29 12:53:44,,2020/06/29 12:54:05,Failed,Ext.129,0557965465,129,0557965465,0557965465,,,,,,,,
2020-06-29 14:53:21,986 :: INFO :: ok
2020-06-29 14:53:21,987 :: INFO :: handler init
2020-06-29 14:53:49,643 :: INFO :: Call 23375,0000017300246222_4675,,2020/06/29 12:54:11,,2020/06/29 12:54:33,Failed,Ext.129,0637321917,129,0637321917,0637321917,,,,,,,,
2020-06-29 14:53:49,647 :: INFO :: ok
2020-06-29 14:53:49,648 :: INFO :: handler init
2020-06-29 14:57:43,438 :: INFO :: Call 23376,000001730014E811_4657,00:21:09,2020/06/29 12:37:16,2020/06/29 12:37:17,2020/06/29 12:58:26,TerminatedBySrc,0322224051,Ext.611,10000,611,611,ReplacedDst,Ext.182,182,,,,,Chain: 0322224051;Ext.611;Ext.182;
2020-06-29 14:57:43,446 :: INFO :: ok
2020-06-29 14:57:43,446 :: INFO :: handler init
2020-06-29 14:58:17,622 :: INFO :: Call 23377,000001730023F545_4673,00:05:17,2020/06/29 12:53:43,2020/06/29 12:53:43,2020/06/29 12:59:01,TerminatedBySrc,0169292929,Ext.611,10000,611,611,ReplacedDst,Ext.601,601,,,,,Chain: 0169292929;Ext.611;Ext.601;
2020-06-29 14:58:17,628 :: INFO :: ok
2020-06-29 14:58:17,628 :: INFO :: handler init
2020-06-29 15:00:30,622 :: INFO :: Call 23378,0000017300264280_4677,00:04:59,2020/06/29 12:56:14,2020/06/29 12:56:14,2020/06/29 13:01:14,TerminatedByDst,0637321917,Ext.610,10000,610,610,ReplacedDst,Ext.185,185,,,,,Chain: 0637321917;Ext.610;Ext.185;
2020-06-29 15:00:30,629 :: INFO :: ok
2020-06-29 15:00:30,630 :: INFO :: handler init
2020-06-29 15:02:45,593 :: INFO :: Call 23379,00000173001FD19E_4668,00:14:02,2020/06/29 12:49:12,2020/06/29 12:49:26,2020/06/29 13:03:29,TerminatedBySrc,Ext.143,0380100034,143,10001,0380100034,,,,,1,14.05,default,Chain: Ext.143;0380100034;
2020-06-29 15:02:45,599 :: INFO :: ok
2020-06-29 15:02:45,599 :: INFO :: handler init
2020-06-29 15:03:32,224 :: INFO :: Call 23380,0000017300164BC0_4659,00:25:13,2020/06/29 12:38:48,2020/06/29 12:39:01,2020/06/29 13:04:15,TerminatedByDst,Ext.126,0327612603,126,10001,0327612603,,,,,1,25.23,default,Chain: Ext.126;0327612603;
2020-06-29 15:03:32,229 :: INFO :: ok
2020-06-29 15:03:32,230 :: INFO :: handler init
2020-06-29 15:07:02,882 :: INFO :: Call 23381,000001730024DBD9_4676,00:13:03,2020/06/29 12:54:42,2020/06/29 12:54:42,2020/06/29 13:07:46,TerminatedByDst,0608177273,Ext.611,10000,611,611,ReplacedDst,Ext.182,182,,,,,Chain: 0608177273;Ext.611;Ext.182;
2020-06-29 15:07:02,888 :: INFO :: ok
2020-06-29 15:07:02,888 :: INFO :: handler init
2020-06-29 15:11:52,912 :: INFO :: Call 23382,0000017300352EC4_4680,00:00:04,2020/06/29 13:12:32,2020/06/29 13:12:32,2020/06/29 13:12:36,TerminatedBySrc,Ext.114,EndCall,114,EndCall,202009469,,EndCall,EndCall,,,,,Chain: Ext.114;;EndCall;
2020-06-29 15:11:52,918 :: INFO :: ok
2020-06-29 15:11:52,918 :: INFO :: handler init
2020-06-29 15:17:41,254 :: INFO :: Call 23383,00000173003A80A7_4681,00:00:00,2020/06/29 13:18:20,2020/06/29 13:18:21,2020/06/29 13:18:21,TerminatedBySrc,04743842557366,Ext.610,10000,610,610,,,,,,,,Chain: 04743842557366;Ext.610;
2020-06-29 15:17:41,260 :: INFO :: ok
2020-06-29 15:17:41,260 :: INFO :: handler init
2020-06-29 15:19:48,183 :: INFO :: Call 23384,00000173003C1100_4685,,2020/06/29 13:20:03,,2020/06/29 13:20:31,Failed,Ext.129,0557965465,129,0557965465,0557965465,,,,,,,,
2020-06-29 15:19:48,190 :: INFO :: ok
2020-06-29 15:19:48,190 :: INFO :: handler init
2020-06-29 15:20:09,776 :: INFO :: Call 23385,00000173003BCA44_4684,00:00:07,2020/06/29 13:19:45,2020/06/29 13:20:45,2020/06/29 13:20:53,TerminatedBySrc,Ext.126,EndCall,126,EndCall,0327612603,,EndCall,EndCall,,,,,Chain: Ext.126;0327612603;EndCall;
2020-06-29 15:20:09,783 :: INFO :: ok
2020-06-29 15:20:09,784 :: INFO :: handler init
2020-06-29 15:20:16,390 :: INFO :: Call 23386,00000173003C96ED_4686,,2020/06/29 13:20:37,,2020/06/29 13:21:00,Failed,Ext.129,0637321917,129,0637321917,0637321917,,,,,,,,
2020-06-29 15:20:16,396 :: INFO :: ok
2020-06-29 15:20:16,396 :: INFO :: handler init
2020-06-29 15:25:12,282 :: INFO :: Call 23387,0000017300405387_4689,00:01:04,2020/06/29 13:24:42,2020/06/29 13:24:51,2020/06/29 13:25:55,TerminatedBySrc,Ext.114,0134391556,114,10001,0134391556,,,,,1,1.07,default,Chain: Ext.114;0134391556;
2020-06-29 15:25:12,289 :: INFO :: ok
2020-06-29 15:25:12,289 :: INFO :: handler init
2020-06-29 15:26:34,936 :: INFO :: Call 23388,00000173003DC146_4687,00:05:24,2020/06/29 13:21:53,2020/06/29 13:21:54,2020/06/29 13:27:18,TerminatedBySrc,0232606230,Ext.610,10000,610,610,,,,,,,,Chain: 0232606230;Ext.610;
2020-06-29 15:26:34,941 :: INFO :: ok
2020-06-29 15:26:34,941 :: INFO :: handler init
2020-06-29 15:26:42,369 :: INFO :: Call 23389,0000017300425D1E_4694,00:00:09,2020/06/29 13:26:56,2020/06/29 13:27:16,2020/06/29 13:27:25,TerminatedBySrc,Ext.182,Ext.999,182,194,194,,,,,,,,Chain: Ext.182;Ext.194;
2020-06-29 15:26:42,375 :: INFO :: ok
2020-06-29 15:26:42,375 :: INFO :: handler init
2020-06-29 15:28:19,950 :: INFO :: Call 23390,0000017300419711_4691,00:02:57,2020/06/29 13:26:05,2020/06/29 13:26:05,2020/06/29 13:29:03,TerminatedBySrc,0466254063,Ext.610,10000,610,610,,,,,,,,Chain: 0466254063;Ext.610;
2020-06-29 15:28:19,955 :: INFO :: ok
2020-06-29 15:28:19,956 :: INFO :: handler init
2020-06-29 15:28:26,503 :: INFO :: Call 23391,00000173003F58D1_4688,00:05:22,2020/06/29 13:23:38,2020/06/29 13:23:47,2020/06/29 13:29:10,TerminatedByDst,Ext.129,0450026757,129,10001,0450026757,,,,,1,5.38,default,Chain: Ext.129;0450026757;
2020-06-29 15:28:26,511 :: INFO :: ok
2020-06-29 15:28:26,511 :: INFO :: handler init
2020-06-29 15:29:59,625 :: INFO :: Call 23392,0000017300438D50_4698,00:02:23,2020/06/29 13:28:13,2020/06/29 13:28:20,2020/06/29 13:30:43,TerminatedByDst,Ext.182,Ext.122,182,122,122,,,,,,,,Chain: Ext.182;Ext.122;
2020-06-29 15:29:59,632 :: INFO :: ok
2020-06-29 15:29:59,632 :: INFO :: handler init
2020-06-29 15:30:01,240 :: INFO :: Call 23393,0000017300408CF9_4690,00:05:47,2020/06/29 13:24:57,2020/06/29 13:24:57,2020/06/29 13:30:44,TerminatedByDst,0640144791,Ext.611,10000,611,611,ReplacedDst,Ext.182,182,,,,,Chain: 0640144791;Ext.611;Ext.182;
2020-06-29 15:30:01,245 :: INFO :: ok
2020-06-29 15:30:01,245 :: INFO :: handler init
2020-06-29 15:31:21,501 :: INFO :: Call 23394,000001730045ED5A_4700,00:01:09,2020/06/29 13:30:49,2020/06/29 13:30:55,2020/06/29 13:32:04,TerminatedByDst,Ext.182,0640144791,182,10001,0640144791,,,,,1,1.15,default,Chain: Ext.182;0640144791;
2020-06-29 15:31:21,507 :: INFO :: ok
2020-06-29 15:31:21,508 :: INFO :: handler init
2020-06-29 15:32:34,724 :: INFO :: Call 23395,00000173003AF589_4682,00:14:27,2020/06/29 13:18:50,2020/06/29 13:18:51,2020/06/29 13:33:18,TerminatedByDst,04743842557366,Ext.610,10000,610,610,ReplacedDst,Ext.185,185,,,,,Chain: 04743842557366;Ext.610;Ext.185;
2020-06-29 15:32:34,730 :: INFO :: ok
2020-06-29 15:32:34,741 :: INFO :: handler init
2020-06-29 15:33:05,959 :: INFO :: Call 23396,00000173004226FC_4693,00:06:54,2020/06/29 13:26:42,2020/06/29 13:26:54,2020/06/29 13:33:49,TerminatedByDst,Ext.126,0327612603,126,10001,0327612603,,,,,1,6.92,default,Chain: Ext.126;0327612603;
2020-06-29 15:33:05,964 :: INFO :: ok
2020-06-29 15:33:05,964 :: INFO :: handler init
2020-06-29 15:37:14,540 :: INFO :: Call 23397,00000173004290ED_4695,00:10:46,2020/06/29 13:27:09,2020/06/29 13:27:11,2020/06/29 13:37:58,TerminatedByDst,Ext.114,0558730383,114,10001,0558730383,,,,,1,10.78,default,Chain: Ext.114;0558730383;
2020-06-29 15:37:14,547 :: INFO :: ok
2020-06-29 15:37:14,547 :: INFO :: handler init
2020-06-29 15:40:21,335 :: INFO :: Call 23398,000001730042F5A5_4696,00:13:29,2020/06/29 13:27:35,2020/06/29 13:27:35,2020/06/29 13:41:04,TerminatedBySrc,0232606230,Ext.612,10000,612,612,ReplacedDst,Ext.143,143,,,,,Chain: 0232606230;Ext.612;Ext.143;
2020-06-29 15:40:21,342 :: INFO :: ok
2020-06-29 15:40:21,342 :: INFO :: handler init
2020-06-29 15:41:52,950 :: INFO :: Call 23399,000001730047884A_4701,00:10:01,2020/06/29 13:32:34,2020/06/29 13:32:35,2020/06/29 13:42:36,TerminatedByDst,0682534733,Ext.611,10000,611,611,ReplacedDst,Ext.182,182,,,,,Chain: 0682534733;Ext.611;Ext.182;
2020-06-29 15:41:52,956 :: INFO :: ok
2020-06-29 15:41:52,956 :: INFO :: handler init
2020-06-29 15:42:17,859 :: INFO :: Call 23400,000001730050FDC1_4710,00:00:06,2020/06/29 13:42:54,2020/06/29 13:42:54,2020/06/29 13:43:01,TerminatedBySrc,Ext.126,Ext.999,126,134,134,,,,,,,,Chain: Ext.126;Ext.134;
2020-06-29 15:42:17,865 :: INFO :: ok
2020-06-29 15:42:17,865 :: INFO :: handler init
2020-06-29 15:42:44,761 :: INFO :: Call 23401,0000017300512797_4711,00:00:02,2020/06/29 13:43:05,2020/06/29 13:43:25,2020/06/29 13:43:28,TerminatedBySrc,Ext.126,Ext.999,126,125,125,,,,,,,,Chain: Ext.126;Ext.125;
2020-06-29 15:42:44,767 :: INFO :: ok
2020-06-29 15:42:44,768 :: INFO :: handler init
2020-06-29 15:43:33,024 :: INFO :: Call 23402,00000173004CD819_4707,00:05:45,2020/06/29 13:38:22,2020/06/29 13:38:30,2020/06/29 13:44:16,TerminatedByDst,Ext.182,Ext.194,182,194,194,,,,,,,,Chain: Ext.182;Ext.194;
2020-06-29 15:43:33,029 :: INFO :: ok
2020-06-29 15:43:33,030 :: INFO :: handler init
2020-06-29 15:46:36,049 :: INFO :: Call 23403,00000173005317C5_4713,00:02:06,2020/06/29 13:45:12,2020/06/29 13:45:12,2020/06/29 13:47:19,TerminatedBySrc,0479220895,Ext.611,10000,611,611,,,,,,,,Chain: 0479220895;Ext.611;
2020-06-29 15:46:36,055 :: INFO :: ok
2020-06-29 15:46:36,055 :: INFO :: handler init
2020-06-29 15:47:30,083 :: INFO :: Call 23404,0000017300555A07_4715,00:00:00,2020/06/29 13:47:40,2020/06/29 13:47:40,2020/06/29 13:47:40,TerminatedBySrc,0608951720,Ext.610,10000,610,610,,,,,,,,Chain: 0608951720;Ext.610;
2020-06-29 15:47:30,089 :: INFO :: ok
2020-06-29 15:47:30,090 :: INFO :: handler init
2020-06-29 15:47:43,486 :: INFO :: Call 23405,000001730052F720_4712,00:03:22,2020/06/29 13:45:04,2020/06/29 13:45:04,2020/06/29 13:48:27,TerminatedBySrc,0466254063,Ext.610,10000,610,610,ReplacedDst,Ext.124,124,,,,,Chain: 0466254063;Ext.610;Ext.124;
2020-06-29 15:47:43,493 :: INFO :: ok
2020-06-29 15:47:43,494 :: INFO :: handler init
2020-06-29 15:48:51,061 :: INFO :: Call 23406,00000173004E2720_4708,00:09:32,2020/06/29 13:39:48,2020/06/29 13:40:01,2020/06/29 13:49:34,TerminatedByDst,Ext.601,0683078559,601,10001,0683078559,,,,,1,9.55,default,Chain: Ext.601;0683078559;
2020-06-29 15:48:51,067 :: INFO :: ok
2020-06-29 15:48:51,068 :: INFO :: handler init
2020-06-29 15:51:16,502 :: INFO :: Call 23407,000001730047ED35_4702,00:18:59,2020/06/29 13:33:00,2020/06/29 13:33:00,2020/06/29 13:52:00,TerminatedBySrc,0134703297,Ext.611,10000,611,611,ReplacedDst,Ext.195,195,,,,,Chain: 0134703297;Ext.611;Ext.601;Ext.195;
2020-06-29 15:51:16,509 :: INFO :: ok
2020-06-29 15:51:16,509 :: INFO :: handler init
2020-06-29 15:52:28,830 :: INFO :: Call 23408,00000173005A4EE5_4717,00:00:06,2020/06/29 13:53:05,2020/06/29 13:53:05,2020/06/29 13:53:12,TerminatedBySrc,Ext.601,Ext.999,601,324,324,,,,,,,,Chain: Ext.601;Ext.324;
2020-06-29 15:52:28,837 :: INFO :: ok
2020-06-29 15:52:28,837 :: INFO :: handler init
2020-06-29 15:56:18,554 :: INFO :: Call 23409,000001730057EE92_4716,00:06:32,2020/06/29 13:50:29,2020/06/29 13:50:29,2020/06/29 13:57:02,TerminatedBySrc,0479220895,Ext.611,10000,611,611,ReplacedDst,Ext.601,601,,,,,Chain: 0479220895;Ext.611;Ext.601;
2020-06-29 15:56:18,560 :: INFO :: ok
2020-06-29 15:56:18,560 :: INFO :: handler init
2020-06-29 15:57:56,260 :: INFO :: Call 23410,00000173005DBAF2_4720,00:01:50,2020/06/29 13:56:49,2020/06/29 13:56:49,2020/06/29 13:58:39,TerminatedByDst,0164638372,Ext.615,10000,615,615,ReplacedDst,Ext.102,102,,,,,Chain: 0164638372;Ext.615;Ext.102;
2020-06-29 15:57:56,265 :: INFO :: ok
2020-06-29 15:57:56,266 :: INFO :: handler init
2020-06-29 15:59:21,732 :: INFO :: Call 23411,000001730060A720_4724,00:00:03,2020/06/29 14:00:01,2020/06/29 14:00:01,2020/06/29 14:00:05,TerminatedBySrc,Ext.605,EndCall,605,EndCall,013462487799,,EndCall,EndCall,,,,,Chain: Ext.605;;EndCall;
2020-06-29 15:59:21,738 :: INFO :: ok
2020-06-29 15:59:21,738 :: INFO :: handler init
2020-06-29 15:59:38,752 :: INFO :: Call 23412,000001730060E9BB_4725,00:00:03,2020/06/29 14:00:18,2020/06/29 14:00:18,2020/06/29 14:00:22,TerminatedBySrc,Ext.605,EndCall,605,EndCall,13462487799,,EndCall,EndCall,,,,,Chain: Ext.605;;EndCall;
2020-06-29 15:59:38,758 :: INFO :: ok
2020-06-29 15:59:38,758 :: INFO :: handler init
2020-06-29 16:01:13,460 :: INFO :: Call 23413,000001730061BD6E_4726,00:00:42,2020/06/29 14:01:12,2020/06/29 14:01:14,2020/06/29 14:01:57,TerminatedByDst,Ext.605,0170372246,605,10001,0170372246,,,,,1,0.72,default,Chain: Ext.605;0170372246;
2020-06-29 16:01:13,499 :: INFO :: ok
2020-06-29 16:01:13,500 :: INFO :: handler init
2020-06-29 16:01:22,860 :: INFO :: Call 23414,00000173005C8040_4719,00:06:35,2020/06/29 13:55:28,2020/06/29 13:55:30,2020/06/29 14:02:06,TerminatedByDst,Ext.114,0558730383,114,10001,0558730383,,,,,1,6.60,default,Chain: Ext.114;0558730383;
2020-06-29 16:01:22,865 :: INFO :: ok
2020-06-29 16:01:22,866 :: INFO :: handler init
2020-06-29 16:02:32,119 :: INFO :: Call 23415,00000173005DFD51_4722,00:06:08,2020/06/29 13:57:06,2020/06/29 13:57:06,2020/06/29 14:03:15,TerminatedByDst,0164638372,Ext.615,10000,615,615,ReplacedDst,Ext.102,102,,,,,Chain: 0164638372;Ext.615;Ext.102;
2020-06-29 16:02:32,127 :: INFO :: ok
2020-06-29 16:02:32,127 :: INFO :: handler init
2020-06-29 16:05:27,886 :: INFO :: Call 23416,00000173006599BC_4731,00:00:39,2020/06/29 14:05:25,2020/06/29 14:05:31,2020/06/29 14:06:11,TerminatedBySrc,Ext.182,Ext.195,182,195,195,,,,,,,,Chain: Ext.182;Ext.195;
2020-06-29 16:05:27,892 :: INFO :: ok
2020-06-29 16:05:27,892 :: INFO :: handler init
2020-06-29 16:05:58,378 :: INFO :: Call 23417,0000017300665D89_4732,00:00:05,2020/06/29 14:06:15,2020/06/29 14:06:35,2020/06/29 14:06:41,TerminatedBySrc,Ext.182,Ext.999,182,125,125,,,,,,,,Chain: Ext.182;Ext.125;
2020-06-29 16:05:58,384 :: INFO :: ok
2020-06-29 16:05:58,384 :: INFO :: handler init
2020-06-29 16:06:09,519 :: INFO :: Call 23418,000001730066AA2C_4733,00:00:00,2020/06/29 14:06:35,2020/06/29 14:06:35,2020/06/29 14:06:35,TerminatedBySrc,0963511046,Ext.611,10000,611,611,,,,,,,,Chain: 0963511046;Ext.611;
2020-06-29 16:06:09,525 :: INFO :: ok
2020-06-29 16:06:09,525 :: INFO :: handler init
2020-06-29 16:06:25,126 :: INFO :: Call 23419,000001730063FF79_4728,00:03:27,2020/06/29 14:03:40,2020/06/29 14:03:40,2020/06/29 14:07:08,TerminatedBySrc,0562287490,Ext.611,10000,611,611,ReplacedDst,Ext.182,182,,,,,Chain: 0562287490;Ext.611;Ext.182;
2020-06-29 16:06:25,133 :: INFO :: ok
2020-06-29 16:06:25,133 :: INFO :: handler init
2020-06-29 16:07:09,966 :: INFO :: Call 23420,000001730067C826_4735,00:00:04,2020/06/29 14:07:48,2020/06/29 14:07:48,2020/06/29 14:07:53,TerminatedBySrc,Ext.182,0562287490,182,10001,0562287490,,,,,1,0.08,default,Chain: Ext.182;0562287490;
2020-06-29 16:07:09,988 :: INFO :: ok
2020-06-29 16:07:09,989 :: INFO :: handler init
2020-06-29 16:08:26,091 :: INFO :: Call 23421,000001730049C3D6_4705,00:34:00,2020/06/29 13:35:01,2020/06/29 13:35:09,2020/06/29 14:09:09,TerminatedByDst,Ext.129,Ext.185,129,185,185,ReplacedDst,Ext.129,129,,,,,Chain: Ext.129;Ext.185;
2020-06-29 16:08:26,098 :: INFO :: ok
2020-06-29 16:08:26,098 :: INFO :: handler init
2020-06-29 16:08:45,324 :: INFO :: Call 23422,000001730069065A_4738,,2020/06/29 14:09:09,,2020/06/29 14:09:28,Failed,Ext.194,0182380036,194,0182380036,0182380036,,,,,,,,
2020-06-29 16:08:45,329 :: INFO :: ok
2020-06-29 16:08:45,330 :: INFO :: handler init
2020-06-29 16:11:55,421 :: INFO :: Call 23423,00000173006482FD_4730,00:08:24,2020/06/29 14:04:13,2020/06/29 14:04:14,2020/06/29 14:12:39,TerminatedByDst,0608951720,Ext.610,10000,610,610,ReplacedDst,Ext.185,185,,,,,Chain: 0608951720;Ext.610;Ext.185;
2020-06-29 16:11:55,466 :: INFO :: ok
2020-06-29 16:11:55,466 :: INFO :: handler init
2020-06-29 16:11:58,678 :: INFO :: Call 23424,000001730068813B_4736,00:04:06,2020/06/29 14:08:35,2020/06/29 14:08:35,2020/06/29 14:12:42,TerminatedByDst,0473279722,Ext.612,10000,612,612,ReplacedDst,Ext.143,143,,,,,Chain: 0473279722;Ext.612;Ext.143;
2020-06-29 16:11:58,684 :: INFO :: ok
2020-06-29 16:11:58,685 :: INFO :: handler init
2020-06-29 16:12:04,939 :: INFO :: Call 23425,0000017300698003_4740,00:02:56,2020/06/29 14:09:40,2020/06/29 14:09:52,2020/06/29 14:12:48,TerminatedBySrc,Ext.194,0664579433,194,10001,0664579433,,,,,1,2.93,default,Chain: Ext.194;0664579433;
2020-06-29 16:12:04,945 :: INFO :: ok
2020-06-29 16:12:04,945 :: INFO :: handler init
2020-06-29 16:13:49,885 :: INFO :: Call 23426,00000173006D69AA_4744,00:00:35,2020/06/29 14:13:57,2020/06/29 14:13:58,2020/06/29 14:14:33,TerminatedBySrc,Ext.122,0344089442,122,10001,0344089442,,,,,1,0.58,default,Chain: Ext.122;0344089442;
2020-06-29 16:13:49,891 :: INFO :: ok
2020-06-29 16:13:49,891 :: INFO :: handler init
2020-06-29 16:17:28,433 :: INFO :: Call 23427,00000173007130AB_4746,00:00:04,2020/06/29 14:18:04,2020/06/29 14:18:07,2020/06/29 14:18:11,TerminatedBySrc,Ext.106,Ext.999,106,318,318,,,,,,,,Chain: Ext.106;Ext.318;
2020-06-29 16:17:28,440 :: INFO :: ok
2020-06-29 16:17:28,440 :: INFO :: handler init
2020-06-29 16:19:55,383 :: INFO :: Call 23428,0000017300730FB4_4748,00:00:22,2020/06/29 14:20:07,2020/06/29 14:20:16,2020/06/29 14:20:38,TerminatedByDst,Ext.195,0232905170,195,10000,0232905170,,,,,1,0.37,default,Chain: Ext.195;0232905170;
2020-06-29 16:19:55,413 :: INFO :: ok
2020-06-29 16:19:55,414 :: INFO :: handler init
2020-06-29 16:20:44,023 :: INFO :: Call 23429,0000017300722B51_4747,00:02:16,2020/06/29 14:19:09,2020/06/29 14:19:11,2020/06/29 14:21:27,TerminatedByDst,Ext.194,0322922292,194,10000,0322922292,,,,,1,2.27,default,Chain: Ext.194;0322922292;
2020-06-29 16:20:44,028 :: INFO :: ok
2020-06-29 16:20:44,028 :: INFO :: handler init
2020-06-29 16:22:51,892 :: INFO :: Call 23430,00000173006B00E3_4741,00:12:12,2020/06/29 14:11:19,2020/06/29 14:11:23,2020/06/29 14:23:35,TerminatedBySrc,Ext.114,0381674510,114,10001,0381674510,,,,,1,12.20,default,Chain: Ext.114;0381674510;
2020-06-29 16:22:51,898 :: INFO :: ok
2020-06-29 16:22:51,898 :: INFO :: handler init
2020-06-29 16:22:57,549 :: INFO :: Call 23431,00000173006E26B4_4745,00:08:46,2020/06/29 14:14:45,2020/06/29 14:14:54,2020/06/29 14:23:41,TerminatedBySrc,Ext.122,0134711530,122,10001,0134711530,,,,,1,8.78,default,Chain: Ext.122;0134711530;
2020-06-29 16:22:57,554 :: INFO :: ok
2020-06-29 16:22:57,555 :: INFO :: handler init
2020-06-29 16:23:24,000 :: INFO :: Call 23432,00000173005AB675_4718,00:30:35,2020/06/29 13:53:31,2020/06/29 13:53:32,2020/06/29 14:24:07,TerminatedBySrc,Ext.601,Ext.999,601,303,303,,,,,,,,Chain: Ext.601;Ext.303;
2020-06-29 16:23:24,006 :: INFO :: ok
2020-06-29 16:23:24,006 :: INFO :: handler init
2020-06-29 16:24:51,729 :: INFO :: Call 23433,000001730062FB8E_4727,00:22:59,2020/06/29 14:02:33,2020/06/29 14:02:35,2020/06/29 14:25:35,TerminatedBySrc,Ext.605,0170372246,605,10001,0170372246,,,,,1,23.00,default,Chain: Ext.605;0170372246;
2020-06-29 16:24:51,734 :: INFO :: ok
2020-06-29 16:24:51,742 :: INFO :: handler init
2020-06-29 16:25:12,770 :: INFO :: Call 23434,00000173006CC4D2_4742,00:12:40,2020/06/29 14:13:15,2020/06/29 14:13:15,2020/06/29 14:25:55,TerminatedByDst,0320629603,Ext.612,10000,612,612,ReplacedDst,Ext.143,143,,,,,Chain: 0320629603;Ext.612;Ext.143;
2020-06-29 16:25:12,777 :: INFO :: ok
2020-06-29 16:25:12,778 :: INFO :: handler init
2020-06-29 16:25:36,843 :: INFO :: Call 23435,0000017300780611_4753,00:00:26,2020/06/29 14:25:32,2020/06/29 14:25:53,2020/06/29 14:26:19,TerminatedBySrc,Ext.122,0387911010,122,10001,0387911010,,,,,1,0.43,default,Chain: Ext.122;0387911010;
2020-06-29 16:25:36,848 :: INFO :: ok
2020-06-29 16:25:36,848 :: INFO :: handler init
2020-06-29 16:27:04,129 :: INFO :: Call 23436,0000017300757944_4749,00:05:01,2020/06/29 14:22:45,2020/06/29 14:22:45,2020/06/29 14:27:47,TerminatedByDst,0630671317,Ext.615,10000,615,615,ReplacedDst,Ext.102,102,,,,,Chain: 0630671317;Ext.615;Ext.102;
2020-06-29 16:27:04,134 :: INFO :: ok
2020-06-29 16:27:04,135 :: INFO :: handler init
2020-06-29 16:27:30,103 :: INFO :: Call 23437,00000173007A7B35_4756,,2020/06/29 14:28:13,,2020/06/29 14:28:13,NoRouteExists,Ext.182,0474587425,182,EndCall,0474587425,,,,,,,,
2020-06-29 16:27:30,109 :: INFO :: ok
2020-06-29 16:27:30,110 :: INFO :: handler init
2020-06-29 16:29:37,079 :: INFO :: Call 23438,0000017300768138_4751,00:06:19,2020/06/29 14:23:53,2020/06/29 14:24:01,2020/06/29 14:30:20,TerminatedByDst,Ext.140,Ext.185,140,185,185,,,,,,,,Chain: Ext.140;Ext.185;
2020-06-29 16:29:37,085 :: INFO :: ok
2020-06-29 16:29:37,085 :: INFO :: handler init
2020-06-29 16:29:49,173 :: INFO :: Call 23439,000001730079ABFC_4755,00:03:11,2020/06/29 14:27:20,2020/06/29 14:27:20,2020/06/29 14:30:32,TerminatedBySrc,0474587425,Ext.611,10000,611,611,ReplacedDst,Ext.601,601,,,,,Chain: 0474587425;Ext.611;Ext.601;
2020-06-29 16:29:49,178 :: INFO :: ok
2020-06-29 16:29:49,178 :: INFO :: handler init
2020-06-29 16:29:53,565 :: INFO :: Call 23440,00000173007C7266_4757,00:00:08,2020/06/29 14:30:22,2020/06/29 14:30:28,2020/06/29 14:30:37,TerminatedByDst,Ext.140,Ext.185,140,185,185,,,,,,,,Chain: Ext.140;Ext.185;
2020-06-29 16:29:53,571 :: INFO :: ok
2020-06-29 16:29:53,572 :: INFO :: handler init
2020-06-29 16:30:37,297 :: INFO :: Call 23441,00000173007CFABD_4759,00:00:22,2020/06/29 14:30:57,2020/06/29 14:30:58,2020/06/29 14:31:20,TerminatedByDst,Ext.114,0143738080,114,10001,0143738080,,,,,1,0.37,default,Chain: Ext.114;0143738080;
2020-06-29 16:30:37,304 :: INFO :: ok
2020-06-29 16:30:37,304 :: INFO :: handler init
2020-06-29 16:32:08,958 :: INFO :: Call 23442,00000173007E4D34_4761,00:00:25,2020/06/29 14:32:24,2020/06/29 14:32:27,2020/06/29 14:32:52,TerminatedByDst,Ext.194,0299962367,194,10001,0299962367,,,,,1,0.42,default,Chain: Ext.194;0299962367;
2020-06-29 16:32:08,964 :: INFO :: ok
2020-06-29 16:32:08,964 :: INFO :: handler init
2020-06-29 16:33:09,280 :: INFO :: Call 23443,00000173007F4EE7_4762,,2020/06/29 14:33:30,,2020/06/29 14:33:52,Failed,Ext.194,0473147165,194,0473147165,0473147165,,,,,,,,
2020-06-29 16:33:09,285 :: INFO :: ok
2020-06-29 16:33:09,286 :: INFO :: handler init
2020-06-29 16:34:17,494 :: INFO :: Call 23444,00000173007D9022_4760,00:02:39,2020/06/29 14:31:35,2020/06/29 14:32:21,2020/06/29 14:35:01,TerminatedByDst,Ext.114,0134391224,114,10001,0134391224,,,,,1,2.67,default,Chain: Ext.114;0134391224;
2020-06-29 16:34:17,500 :: INFO :: ok
2020-06-29 16:34:17,500 :: INFO :: handler init
